#
# A fatal error has been detected by the Java Runtime Environment:
#
#  EXCEPTION_ACCESS_VIOLATION (0xc0000005) at pc=0x00007ffd7f4ae948, pid=3420, tid=5176
#
# JRE version: OpenJDK Runtime Environment Temurin-17.0.11+9 (17.0.11+9) (build 17.0.11+9)
# Java VM: OpenJDK 64-Bit Server VM Temurin-17.0.11+9 (17.0.11+9, mixed mode, emulated-client, tiered, compressed oops, compressed class ptrs, g1 gc, windows-amd64)
# Problematic frame:
# V  [jvm.dll+0x30e948]
#
# No core dump will be written. Minidumps are not enabled by default on client versions of Windows
#
# If you would like to submit a bug report, please visit:
#   https://github.com/adoptium/adoptium-support/issues
#

---------------  S U M M A R Y ------------

Command Line: -Xmx1024m -Dsts.lsp.client=vscode -Dsts.log.file=/dev/null -XX:TieredStopAtLevel=1 -Xlog:jni+resolve=off -Dspring.config.location=file:c:\Users\admin\.vscode\extensions\vmware.vscode-spring-boot-1.56.0\language-server\BOOT-INF\classes\application.properties org.springframework.ide.vscode.boot.app.BootLanguageServerBootApp

Host: Intel(R) Core(TM) i5-4210U CPU @ 1.70GHz, 4 cores, 7G,  Windows 10 , 64 bit Build 19041 (10.0.19041.2788)
Time: Wed Aug  7 01:26:19 2024 India Standard Time elapsed time: 1668.034930 seconds (0d 0h 27m 48s)

---------------  T H R E A D  ---------------

Current thread (0x000002775c37d770):  GCTaskThread "GC Thread#0" [stack: 0x000000c057c00000,0x000000c057d00000] [id=5176]

Stack: [0x000000c057c00000,0x000000c057d00000],  sp=0x000000c057cff5d0,  free space=1021k
Native frames: (J=compiled Java code, j=interpreted, Vv=VM code, C=native code)
V  [jvm.dll+0x30e948]
V  [jvm.dll+0x2f5008]
V  [jvm.dll+0x2f338a]
V  [jvm.dll+0x2f95f4]
V  [jvm.dll+0x2f9728]
V  [jvm.dll+0x2f8e1d]
V  [jvm.dll+0x2f86ad]
V  [jvm.dll+0x86241b]
V  [jvm.dll+0x862466]
V  [jvm.dll+0x7e410a]
V  [jvm.dll+0x67c315]
C  [ucrtbase.dll+0x21bb2]
C  [KERNEL32.DLL+0x17604]
C  [ntdll.dll+0x526a1]


siginfo: EXCEPTION_ACCESS_VIOLATION (0xc0000005), reading address 0x0000000000980320


Registers:
RAX=0x0000000000000001, RBX=0x000002776d35a528, RCX=0x0000000000000003, RDX=0x00000000c179f048
RSP=0x000000c057cff5d0, RBP=0x00000000c179f008, RSI=0x000002776d359ee0, RDI=0x0000000000000017
R8 =0x0000000000980318, R9 =0x0000000000000001, R10=0x0000000000000003, R11=0x0000000000000000
R12=0x0000000100041df0, R13=0x00000000c179eff0, R14=0x0000000100041de8, R15=0x000002776d35a490
RIP=0x00007ffd7f4ae948, EFLAGS=0x0000000000010206


Register to memory mapping:

RIP=0x00007ffd7f4ae948 jvm.dll
RAX=0x0000000000000001 is an unknown value
RBX=0x000002776d35a528 points into unknown readable memory: 0x000002776d371e40 | 40 1e 37 6d 77 02 00 00
RCX=0x0000000000000003 is an unknown value
RDX=0x00000000c179f048 is pointing into object: [B 
{0x00000000c179f038} - klass: {type array byte}
 - length: 16
RSP=0x000000c057cff5d0 points into unknown readable memory: 0x000002775a254a60 | 60 4a 25 5a 77 02 00 00
RBP=0x00000000c179f008 is an oop: [B 
{0x00000000c179f008} - klass: {type array byte}
 - length: 10
RSI=0x000002776d359ee0 points into unknown readable memory: 0x000000c0581ff230 | 30 f2 1f 58 c0 00 00 00
RDI=0x0000000000000017 is an unknown value
R8 =0x0000000000980318 is an unknown value
R9 =0x0000000000000001 is an unknown value
R10=0x0000000000000003 is an unknown value
R11=0x0 is NULL
R12=0x0000000100041df0 is a pointer to class: 
java.lang.reflect.AnnotatedElement {0x0000000100041df8}
 - instance size:     2
 - klass size:        63
 - access:            public interface abstract 
 - state:             fully_initialized
 - name:              'java/lang/reflect/AnnotatedElement'
 - super:             'java/lang/Object'
 - sub:               
 - nof implementors:  2
 - arrays:            'java/lang/reflect/AnnotatedElement'[]
 - methods:           Array<T>(0x0000027767010f80)
 - method ordering:   Array<T>(0x0000027767000018)
 - default_methods:   Array<T>(0x0000000000000000)
 - local interfaces:  Array<T>(0x0000027767000058)
 - trans. interfaces: Array<T>(0x0000027767000058)
 - constants:         constant pool [145]/operands[21] {0x0000027767010a18} for 'java/lang/reflect/AnnotatedElement' cache=0x000002776710e128
 - class loader data:  loader data: 0x000002775c3f8900 of 'bootstrap'
 - class annotations:       Array<T>(0x0000000000000000)
 - class type annotations:  Array<T>(0x0000000000000000)
 - field annotations:       Array<T>(0x0000000000000000)
 - field type annotations:  Array<T>(0x0000000000000000)
 - inner classes:     Array<T>(0x0000027767011510)
 - nest members:     Array<T>(0x0000027767000028)
 - permitted subclasses:     Array<T>(0x0000027767000028)
 - java mirror:       a 'java/lang/Class'{0x00000000c09189e8} = 'java/lang/reflect/AnnotatedElement'
 - vtable length      5  (start addr: 0x0000000100041fb8)
 - itable length      0 (start addr: 0x0000000100041fe0)
 - ---- static fields (0 words):
 - ---- non-static fields (0 words):
 - non-static oop maps: 
R13=0x00000000c179eff0 is an oop: java.lang.String 
{0x00000000c179eff0} - klass: 'java/lang/String'

[error occurred during error reporting (printing register info), id 0xc0000005, EXCEPTION_ACCESS_VIOLATION (0xc0000005) at pc=0x00007ffd7f515552]

Top of Stack: (sp=0x000000c057cff5d0)
0x000000c057cff5d0:   000002775a254a60 00007ffd7f494e6e
0x000000c057cff5e0:   000002776d10a1c0 00007ffd7f494e6e
0x000000c057cff5f0:   00000000c179f048 00007ffd7f495008
0x000000c057cff600:   000002776c4f2d18 00007ffd7f49264d
0x000000c057cff610:   00000000c091fa30 000002776d359ee0
0x000000c057cff620:   00000000c179f048 0d0002000c000100
0x000000c057cff630:   00000000c179f048 00007ffd7f49338a
0x000000c057cff640:   00000000c179f004 000002776d359ee0
0x000000c057cff650:   00000000c14aa4b8 000000c057cff6a0
0x000000c057cff660:   00007ffd7f1a0000 0000000000000000
0x000000c057cff670:   000000000000000c 000000000000000c
0x000000c057cff680:   000002776d359ee0 00007ffd7f4995f4
0x000000c057cff690:   0000000000000010 00000000c179eff0
0x000000c057cff6a0:   0000000000001d49 00000000000023c4
0x000000c057cff6b0:   0000000000000000 000000000000000c
0x000000c057cff6c0:   0000000000000010 000002776d359ee0
0x000000c057cff6d0:   00007ffd7f1a0000 00007ffd7f499728
0x000000c057cff6e0:   0000000000000000 0000000000000000
0x000000c057cff6f0:   000002776d359ee0 0000000000000010
0x000000c057cff700:   00007ffd7faf6fb8 0000000000000001
0x000000c057cff710:   0000000000000000 0000000000000000
0x000000c057cff720:   0000000000000001 000000c0581ff468
0x000000c057cff730:   000000c0581feaf0 000002776d359ee0
0x000000c057cff740:   00007ffd7f1a0000 0000000000000010
0x000000c057cff750:   000000c0581ff480 00007ffd7f498e1d
0x000000c057cff760:   000002775c353b80 000000c0581fe990
0x000000c057cff770:   000000000000000c 00007ffd7f4bab87
0x000000c057cff780:   000000c0581fe9b0 000000c0581fe990
0x000000c057cff790:   0000000000000001 000002776d359ee0
0x000000c057cff7a0:   00000000000003d8 000002775c353f58
0x000000c057cff7b0:   000002775c353b70 000002775c353b80
0x000000c057cff7c0:   000000c0581fe990 00007ffd7f4986ad 

Instructions: (pc=0x00007ffd7f4ae948)
0x00007ffd7f4ae848:   cc cc cc cc cc cc cc cc 48 89 5c 24 08 57 48 83
0x00007ffd7f4ae858:   ec 30 33 c0 48 89 11 41 8d 50 ff 48 89 41 08 48
0x00007ffd7f4ae868:   89 51 28 48 8b d9 44 89 41 10 41 8b f8 48 89 41
0x00007ffd7f4ae878:   18 48 89 41 20 41 8b c8 e8 5b c1 cf ff 84 c0 75
0x00007ffd7f4ae888:   2b 4c 8d 0d d0 bb 64 00 89 7c 24 20 4c 8d 05 fd
0x00007ffd7f4ae898:   bb 64 00 ba 28 00 00 00 48 8d 0d 29 bc 64 00 e8
0x00007ffd7f4ae8a8:   b4 93 f3 ff e8 7f e6 36 00 8b 7b 10 45 33 c0 8b
0x00007ffd7f4ae8b8:   cf 48 c1 e1 04 41 8d 50 05 e8 7a 83 d9 ff 48 89
0x00007ffd7f4ae8c8:   43 08 48 8b c3 48 8b 5c 24 40 48 83 c4 30 5f c3
0x00007ffd7f4ae8d8:   cc cc cc cc cc cc cc cc 48 8b 49 08 e9 d7 82 d9
0x00007ffd7f4ae8e8:   ff cc cc cc cc cc cc cc 48 89 5c 24 08 57 48 83
0x00007ffd7f4ae8f8:   ec 20 48 8b 05 47 bc 8a 00 48 8b d9 48 8b fa 8b
0x00007ffd7f4ae908:   88 c0 01 00 00 4c 8b 80 b8 01 00 00 0f b6 05 4c
0x00007ffd7f4ae918:   4a 87 00 49 d3 e0 8b 0d 2c 54 87 00 49 2b f8 48
0x00007ffd7f4ae928:   d3 ef 84 c0 74 16 44 8b 42 08 8b 0d c0 89 80 00
0x00007ffd7f4ae938:   49 d3 e0 4c 03 05 ae 89 80 00 eb 04 4c 8b 42 08
0x00007ffd7f4ae948:   45 8b 48 08 45 85 c9 7e 0c 41 f6 c1 01 75 55 41
0x00007ffd7f4ae958:   c1 f9 03 eb 5e 79 4d 84 c0 41 b8 0c 00 00 00 8b
0x00007ffd7f4ae968:   05 c7 98 80 00 b9 10 00 00 00 41 0f 45 c8 ff c8
0x00007ffd7f4ae978:   4c 63 c0 41 8b c1 48 c1 f8 10 48 63 14 11 41 8b
0x00007ffd7f4ae988:   c9 83 e1 3f 48 d3 e2 0f b6 c8 49 8d 04 10 49 f7
0x00007ffd7f4ae998:   d0 48 03 c8 4d 8b c8 49 c1 e9 03 48 c1 e9 03 44
0x00007ffd7f4ae9a8:   23 c9 eb 0f 49 8b 00 49 8b c8 ff 90 00 01 00 00
0x00007ffd7f4ae9b8:   44 8b c8 8b 53 28 8b c7 48 23 d0 48 c1 e2 04 48
0x00007ffd7f4ae9c8:   03 53 08 8b 02 3b c7 74 34 4c 8b 42 08 4d 85 c0
0x00007ffd7f4ae9d8:   74 0b 8b c8 48 8b 03 f0 4c 0f c1 04 c8 48 c7 42
0x00007ffd7f4ae9e8:   08 00 00 00 00 89 3a 48 ff 43 20 49 63 c1 48 01
0x00007ffd7f4ae9f8:   42 08 48 8b 5c 24 30 48 83 c4 20 5f c3 48 ff 43
0x00007ffd7f4aea08:   18 48 8b 5c 24 30 49 63 c1 48 01 42 08 48 83 c4
0x00007ffd7f4aea18:   20 5f c3 cc cc cc cc cc 48 89 5c 24 08 33 db 4c
0x00007ffd7f4aea28:   8b da 4c 8b c9 44 8b c3 39 59 10 76 39 66 66 66
0x00007ffd7f4aea38:   0f 1f 84 00 00 00 00 00 41 8b c0 48 c1 e0 04 49 


Stack slot to memory mapping:
stack at sp + 0 slots: 0x000002775a254a60 points into unknown readable memory: 0x0031002e00000002 | 02 00 00 00 2e 00 31 00
stack at sp + 1 slots: 0x00007ffd7f494e6e jvm.dll
stack at sp + 2 slots: 0x000002776d10a1c0 points into unknown readable memory: 0x000002776c00425b | 5b 42 00 6c 77 02 00 00
stack at sp + 3 slots: 0x00007ffd7f494e6e jvm.dll
stack at sp + 4 slots: 0x00000000c179f048 is pointing into object: [B 
{0x00000000c179f038} - klass: {type array byte}
 - length: 16
stack at sp + 5 slots: 0x00007ffd7f495008 jvm.dll
stack at sp + 6 slots: 0x000002776c4f2d18 points into unknown readable memory: 0x00007ffd7fb50140 | 40 01 b5 7f fd 7f 00 00
stack at sp + 7 slots: 0x00007ffd7f49264d jvm.dll


---------------  P R O C E S S  ---------------

Threads class SMR info:
_java_thread_list=0x000002776cf717a0, length=40, elements={
0x00000277668b4740, 0x00000277668b55c0, 0x00000277668ebc90, 0x00000277668eca20,
0x00000277668f1410, 0x00000277668f1dd0, 0x00000277668f2790, 0x00000277668f46d0,
0x0000027766c09950, 0x0000027766c110a0, 0x000002776bfebb30, 0x000002776bfe93b0,
0x000002776c45dde0, 0x000002775c341e60, 0x000002776bb63950, 0x000002776c333670,
0x000002776c4dc940, 0x000002776c4dbf20, 0x000002776c4dc430, 0x000002776c4dce50,
0x000002776c4dd360, 0x000002776c4dd870, 0x000002776c4db500, 0x000002776c594ff0,
0x000002776c595500, 0x000002776c595a10, 0x000002776c5996d0, 0x000002776c597870,
0x000002776c599be0, 0x000002776c5991c0, 0x000002776c5940c0, 0x000002776c59a0f0,
0x000002776c596940, 0x000002776c596e50, 0x000002776c59a600, 0x000002776c596430,
0x000002776c594ae0, 0x000002776c598290, 0x000002776c4dba10, 0x000002776c4daff0
}

Java Threads: ( => current thread )
  0x00000277668b4740 JavaThread "Reference Handler" daemon [_thread_blocked, id=3564, stack(0x000000c058200000,0x000000c058300000)]
  0x00000277668b55c0 JavaThread "Finalizer" daemon [_thread_blocked, id=13540, stack(0x000000c058300000,0x000000c058400000)]
  0x00000277668ebc90 JavaThread "Signal Dispatcher" daemon [_thread_blocked, id=872, stack(0x000000c058400000,0x000000c058500000)]
  0x00000277668eca20 JavaThread "Attach Listener" daemon [_thread_blocked, id=2216, stack(0x000000c058500000,0x000000c058600000)]
  0x00000277668f1410 JavaThread "Service Thread" daemon [_thread_blocked, id=6608, stack(0x000000c058600000,0x000000c058700000)]
  0x00000277668f1dd0 JavaThread "Monitor Deflation Thread" daemon [_thread_blocked, id=13260, stack(0x000000c058700000,0x000000c058800000)]
  0x00000277668f2790 JavaThread "C1 CompilerThread0" daemon [_thread_blocked, id=4920, stack(0x000000c058800000,0x000000c058900000)]
  0x00000277668f46d0 JavaThread "Sweeper thread" daemon [_thread_blocked, id=5440, stack(0x000000c058900000,0x000000c058a00000)]
  0x0000027766c09950 JavaThread "Notification Thread" daemon [_thread_blocked, id=9604, stack(0x000000c058b00000,0x000000c058c00000)]
  0x0000027766c110a0 JavaThread "Common-Cleaner" daemon [_thread_blocked, id=5996, stack(0x000000c058d00000,0x000000c058e00000)]
  0x000002776bfebb30 JavaThread "boundedElastic-evictor-1" daemon [_thread_blocked, id=6148, stack(0x000000c057a00000,0x000000c057b00000)]
  0x000002776bfe93b0 JavaThread "pool-13-thread-1" [_thread_blocked, id=1556, stack(0x000000c058a00000,0x000000c058b00000)]
  0x000002776c45dde0 JavaThread "LanguageServerApp-lifecycle" [_thread_blocked, id=976, stack(0x000000c059100000,0x000000c059200000)]
  0x000002775c341e60 JavaThread "DestroyJavaVM" [_thread_blocked, id=14464, stack(0x000000c057b00000,0x000000c057c00000)]
  0x000002776bb63950 JavaThread "pool-14-thread-1" [_thread_in_native, id=9284, stack(0x000000c059200000,0x000000c059300000)]
  0x000002776c333670 JavaThread "Simple-Language-Server main thread" daemon [_thread_blocked, id=14952, stack(0x000000c059300000,0x000000c059400000)]
  0x000002776c4dc940 JavaThread "pool-8-thread-1" [_thread_blocked, id=5128, stack(0x000000c059500000,0x000000c059600000)]
  0x000002776c4dbf20 JavaThread "parallel-1" daemon [_thread_blocked, id=7416, stack(0x000000c059600000,0x000000c059700000)]
  0x000002776c4dc430 JavaThread "pool-6-thread-1" [_thread_blocked, id=8172, stack(0x000000c059700000,0x000000c059800000)]
  0x000002776c4dce50 JavaThread "parallel-2" daemon [_thread_blocked, id=1488, stack(0x000000c059800000,0x000000c059900000)]
  0x000002776c4dd360 JavaThread "Reconciler-1" daemon [_thread_blocked, id=10800, stack(0x000000c059900000,0x000000c059a00000)]
  0x000002776c4dd870 JavaThread "parallel-3" daemon [_thread_blocked, id=15592, stack(0x000000c059a00000,0x000000c059b00000)]
  0x000002776c4db500 JavaThread "parallel-4" daemon [_thread_blocked, id=464, stack(0x000000c05a200000,0x000000c05a300000)]
  0x000002776c594ff0 JavaThread "CompletableFutureDelayScheduler" daemon [_thread_blocked, id=6864, stack(0x000000c057800000,0x000000c057900000)]
  0x000002776c595500 JavaThread "pool-7-thread-1" [_thread_blocked, id=6000, stack(0x000000c057900000,0x000000c057a00000)]
  0x000002776c595a10 JavaThread "pool-7-thread-2" [_thread_blocked, id=9696, stack(0x000000c059b00000,0x000000c059c00000)]
  0x000002776c5996d0 JavaThread "RMI Scheduler(0)" daemon [_thread_blocked, id=1376, stack(0x000000c059c00000,0x000000c059d00000)]
  0x000002776c597870 JavaThread "pool-7-thread-3" [_thread_blocked, id=12124, stack(0x000000c05a400000,0x000000c05a500000)]
  0x000002776c599be0 JavaThread "pool-7-thread-4" [_thread_blocked, id=12128, stack(0x000000c05a900000,0x000000c05aa00000)]
  0x000002776c5991c0 JavaThread "pool-7-thread-5" [_thread_blocked, id=10520, stack(0x000000c05ab00000,0x000000c05ac00000)]
  0x000002776c5940c0 JavaThread "pool-7-thread-6" [_thread_blocked, id=9772, stack(0x000000c05ac00000,0x000000c05ad00000)]
  0x000002776c59a0f0 JavaThread "pool-7-thread-7" [_thread_blocked, id=6464, stack(0x000000c05ad00000,0x000000c05ae00000)]
  0x000002776c596940 JavaThread "pool-7-thread-8" [_thread_blocked, id=1336, stack(0x000000c05ae00000,0x000000c05af00000)]
  0x000002776c596e50 JavaThread "pool-7-thread-9" [_thread_blocked, id=14084, stack(0x000000c05af00000,0x000000c05b000000)]
  0x000002776c59a600 JavaThread "pool-7-thread-10" [_thread_blocked, id=10488, stack(0x000000c05b000000,0x000000c05b100000)]
  0x000002776c596430 JavaThread "ForkJoinPool.commonPool-worker-8" daemon [_thread_blocked, id=1236, stack(0x000000c059d00000,0x000000c059e00000)]
  0x000002776c594ae0 JavaThread "RMI RenewClean-[localhost:51138]" daemon [_thread_blocked, id=15152, stack(0x000000c059400000,0x000000c059500000)]
  0x000002776c598290 JavaThread "RMI GC Daemon" daemon [_thread_blocked, id=7580, stack(0x000000c059f00000,0x000000c05a000000)]
  0x000002776c4dba10 JavaThread "JMX client heartbeat 8" daemon [_thread_blocked, id=2244, stack(0x000000c05a000000,0x000000c05a100000)]
  0x000002776c4daff0 JavaThread "pool-5-thread-20" [_thread_blocked, id=16136, stack(0x000000c05a500000,0x000000c05a600000)]

Other Threads:
  0x000002776689f2f0 VMThread "VM Thread" [stack: 0x000000c058100000,0x000000c058200000] [id=900]
  0x0000027766c09e30 WatcherThread [stack: 0x000000c058c00000,0x000000c058d00000] [id=15668]
=>0x000002775c37d770 GCTaskThread "GC Thread#0" [stack: 0x000000c057c00000,0x000000c057d00000] [id=5176]
  0x000002776b3fb000 GCTaskThread "GC Thread#1" [stack: 0x000000c058e00000,0x000000c058f00000] [id=1432]
  0x000002776b441870 GCTaskThread "GC Thread#2" [stack: 0x000000c058f00000,0x000000c059000000] [id=7764]
  0x000002776b8888a0 GCTaskThread "GC Thread#3" [stack: 0x000000c059000000,0x000000c059100000] [id=1856]
  0x000002775c3876d0 ConcurrentGCThread "G1 Main Marker" [stack: 0x000000c057d00000,0x000000c057e00000] [id=2852]
  0x000002775c3880f0 ConcurrentGCThread "G1 Conc#0" [stack: 0x000000c057e00000,0x000000c057f00000] [id=7500]
  0x000002775c3ee190 ConcurrentGCThread "G1 Refine#0" [stack: 0x000000c057f00000,0x000000c058000000] [id=13932]
  0x000002775c3eebc0 ConcurrentGCThread "G1 Service" [stack: 0x000000c058000000,0x000000c058100000] [id=5496]

Threads with active compile tasks:

VM state: at safepoint (normal execution)

VM Mutex/Monitor currently owned by a thread:  ([mutex/lock_event])
[0x000002775a2588a0] Threads_lock - owner thread: 0x000002776689f2f0
[0x000002775c33ef30] Heap_lock - owner thread: 0x000002776bfe93b0

Heap address: 0x00000000c0000000, size: 1024 MB, Compressed Oops mode: 32-bit

CDS archive(s) not mapped
Compressed class space mapped at: 0x0000000100000000-0x0000000140000000, reserved size: 1073741824
Narrow klass base: 0x0000000000000000, Narrow klass shift: 3, Narrow klass range: 0x140000000

GC Precious Log:
 CPUs: 4 total, 4 available
 Memory: 8088M
 Large Page Support: Disabled
 NUMA Support: Disabled
 Compressed Oops: Enabled (32-bit)
 Heap Region Size: 1M
 Heap Min Capacity: 8M
 Heap Initial Capacity: 128M
 Heap Max Capacity: 1G
 Pre-touch: Disabled
 Parallel Workers: 4
 Concurrent Workers: 1
 Concurrent Refinement Workers: 4
 Periodic GC: Disabled

Heap:
 garbage-first heap   total 153600K, used 45274K [0x00000000c0000000, 0x0000000100000000)
  region size 1024K, 1 young (1024K), 0 survivors (0K)
 Metaspace       used 65344K, committed 66112K, reserved 1114112K
  class space    used 8062K, committed 8384K, reserved 1048576K

Heap Regions: E=young(eden), S=young(survivor), O=old, HS=humongous(starts), HC=humongous(continues), CS=collection set, F=free, OA=open archive, CA=closed archive, TAMS=top-at-mark-start (previous, next)
|   0|0x00000000c0000000, 0x00000000c0100000, 0x00000000c0100000|100%|HS|  |TAMS 0x00000000c0100000, 0x00000000c0000000| Untracked 
|   1|0x00000000c0100000, 0x00000000c0200000, 0x00000000c0200000|100%|HC|  |TAMS 0x00000000c0200000, 0x00000000c0100000| Untracked 
|   2|0x00000000c0200000, 0x00000000c0300000, 0x00000000c0300000|100%|HC|  |TAMS 0x00000000c0300000, 0x00000000c0200000| Untracked 
|   3|0x00000000c0300000, 0x00000000c0400000, 0x00000000c0400000|100%|HC|  |TAMS 0x00000000c0400000, 0x00000000c0300000| Untracked 
|   4|0x00000000c0400000, 0x00000000c04ffff0, 0x00000000c0500000| 99%| O|  |TAMS 0x00000000c04ffff0, 0x00000000c0400000| Untracked 
|   5|0x00000000c0500000, 0x00000000c05fa3e8, 0x00000000c0600000| 97%| O|  |TAMS 0x00000000c05fa3e8, 0x00000000c0500000| Untracked 
|   6|0x00000000c0600000, 0x00000000c06ff8a0, 0x00000000c0700000| 99%| O|  |TAMS 0x00000000c06ff8a0, 0x00000000c0600000| Untracked 
|   7|0x00000000c0700000, 0x00000000c0800000, 0x00000000c0800000|100%| O|  |TAMS 0x00000000c0800000, 0x00000000c0700000| Untracked 
|   8|0x00000000c0800000, 0x00000000c0900000, 0x00000000c0900000|100%| O|  |TAMS 0x00000000c0900000, 0x00000000c0800000| Untracked 
|   9|0x00000000c0900000, 0x00000000c0a00000, 0x00000000c0a00000|100%| O|  |TAMS 0x00000000c0a00000, 0x00000000c0900000| Untracked 
|  10|0x00000000c0a00000, 0x00000000c0b00000, 0x00000000c0b00000|100%|HS|  |TAMS 0x00000000c0b00000, 0x00000000c0a00000| Untracked 
|  11|0x00000000c0b00000, 0x00000000c0c00000, 0x00000000c0c00000|100%|HC|  |TAMS 0x00000000c0c00000, 0x00000000c0b00000| Untracked 
|  12|0x00000000c0c00000, 0x00000000c0cffff8, 0x00000000c0d00000| 99%| O|  |TAMS 0x00000000c0cffff8, 0x00000000c0c00000| Untracked 
|  13|0x00000000c0d00000, 0x00000000c0dfffd8, 0x00000000c0e00000| 99%| O|  |TAMS 0x00000000c0dfffd8, 0x00000000c0d00000| Untracked 
|  14|0x00000000c0e00000, 0x00000000c0efffc0, 0x00000000c0f00000| 99%| O|  |TAMS 0x00000000c0efffc0, 0x00000000c0e00000| Untracked 
|  15|0x00000000c0f00000, 0x00000000c0ffffb8, 0x00000000c1000000| 99%| O|  |TAMS 0x00000000c0ffffb8, 0x00000000c0f00000| Untracked 
|  16|0x00000000c1000000, 0x00000000c10fffd8, 0x00000000c1100000| 99%| O|  |TAMS 0x00000000c10fffd8, 0x00000000c1000000| Untracked 
|  17|0x00000000c1100000, 0x00000000c11ffff0, 0x00000000c1200000| 99%| O|  |TAMS 0x00000000c11ffff0, 0x00000000c1100000| Untracked 
|  18|0x00000000c1200000, 0x00000000c12ffff0, 0x00000000c1300000| 99%| O|  |TAMS 0x00000000c12ffff0, 0x00000000c1200000| Untracked 
|  19|0x00000000c1300000, 0x00000000c13fffd8, 0x00000000c1400000| 99%| O|  |TAMS 0x00000000c13fffd8, 0x00000000c1300000| Untracked 
|  20|0x00000000c1400000, 0x00000000c14fffd8, 0x00000000c1500000| 99%| O|  |TAMS 0x00000000c14fffd8, 0x00000000c1400000| Untracked 
|  21|0x00000000c1500000, 0x00000000c15fffb8, 0x00000000c1600000| 99%| O|  |TAMS 0x00000000c15fffb8, 0x00000000c1500000| Untracked 
|  22|0x00000000c1600000, 0x00000000c16ffff8, 0x00000000c1700000| 99%| O|  |TAMS 0x00000000c16ffff8, 0x00000000c1600000| Untracked 
|  23|0x00000000c1700000, 0x00000000c1800000, 0x00000000c1800000|100%| O|  |TAMS 0x00000000c1800000, 0x00000000c1700000| Untracked 
|  24|0x00000000c1800000, 0x00000000c18fffd8, 0x00000000c1900000| 99%| O|  |TAMS 0x00000000c18fffd8, 0x00000000c1800000| Untracked 
|  25|0x00000000c1900000, 0x00000000c19ffff8, 0x00000000c1a00000| 99%| O|  |TAMS 0x00000000c19ffff8, 0x00000000c1900000| Untracked 
|  26|0x00000000c1a00000, 0x00000000c1affff8, 0x00000000c1b00000| 99%| O|  |TAMS 0x00000000c1affff8, 0x00000000c1a00000| Untracked 
|  27|0x00000000c1b00000, 0x00000000c1bfffb0, 0x00000000c1c00000| 99%| O|  |TAMS 0x00000000c1bfffb0, 0x00000000c1b00000| Untracked 
|  28|0x00000000c1c00000, 0x00000000c1cf5770, 0x00000000c1d00000| 95%| O|  |TAMS 0x00000000c1cf5770, 0x00000000c1c00000| Untracked 
|  29|0x00000000c1d00000, 0x00000000c1dffff8, 0x00000000c1e00000| 99%| O|  |TAMS 0x00000000c1dffff8, 0x00000000c1d00000| Untracked 
|  30|0x00000000c1e00000, 0x00000000c1effff0, 0x00000000c1f00000| 99%| O|  |TAMS 0x00000000c1effff0, 0x00000000c1e00000| Untracked 
|  31|0x00000000c1f00000, 0x00000000c1fffff0, 0x00000000c2000000| 99%| O|  |TAMS 0x00000000c1fffff0, 0x00000000c1f00000| Untracked 
|  32|0x00000000c2000000, 0x00000000c20fff90, 0x00000000c2100000| 99%| O|  |TAMS 0x00000000c2000000, 0x00000000c2000000| Untracked 
|  33|0x00000000c2100000, 0x00000000c21fffc8, 0x00000000c2200000| 99%| O|  |TAMS 0x00000000c2100000, 0x00000000c2100000| Untracked 
|  34|0x00000000c2200000, 0x00000000c2300000, 0x00000000c2300000|100%| O|  |TAMS 0x00000000c2300000, 0x00000000c2200000| Untracked 
|  35|0x00000000c2300000, 0x00000000c2400000, 0x00000000c2400000|100%| O|  |TAMS 0x00000000c2400000, 0x00000000c2300000| Untracked 
|  36|0x00000000c2400000, 0x00000000c24bfee0, 0x00000000c2500000| 74%| O|  |TAMS 0x00000000c2400000, 0x00000000c2400000| Untracked 
|  37|0x00000000c2500000, 0x00000000c2563610, 0x00000000c2600000| 38%| O|  |TAMS 0x00000000c2500000, 0x00000000c2500000| Untracked 
|  38|0x00000000c2600000, 0x00000000c26fd6c0, 0x00000000c2700000| 98%| O|  |TAMS 0x00000000c26fd6c0, 0x00000000c2600000| Untracked 
|  39|0x00000000c2700000, 0x00000000c27fffe8, 0x00000000c2800000| 99%| O|  |TAMS 0x00000000c27fffe8, 0x00000000c2700000| Untracked 
|  40|0x00000000c2800000, 0x00000000c2900000, 0x00000000c2900000|100%|HS|  |TAMS 0x00000000c2900000, 0x00000000c2800000| Untracked 
|  41|0x00000000c2900000, 0x00000000c29fffd8, 0x00000000c2a00000| 99%| O|  |TAMS 0x00000000c29fffd8, 0x00000000c2900000| Untracked 
|  42|0x00000000c2a00000, 0x00000000c2a8f6d0, 0x00000000c2b00000| 56%| O|  |TAMS 0x00000000c2a00000, 0x00000000c2a00000| Untracked 
|  43|0x00000000c2b00000, 0x00000000c2b00000, 0x00000000c2c00000|  0%| F|  |TAMS 0x00000000c2b00000, 0x00000000c2b00000| Untracked 
|  44|0x00000000c2c00000, 0x00000000c2c00000, 0x00000000c2d00000|  0%| F|  |TAMS 0x00000000c2c00000, 0x00000000c2c00000| Untracked 
|  45|0x00000000c2d00000, 0x00000000c2dfe108, 0x00000000c2e00000| 99%| O|  |TAMS 0x00000000c2dfe108, 0x00000000c2d00000| Untracked 
|  46|0x00000000c2e00000, 0x00000000c2e00000, 0x00000000c2f00000|  0%| F|  |TAMS 0x00000000c2e00000, 0x00000000c2e00000| Untracked 
|  47|0x00000000c2f00000, 0x00000000c2f00000, 0x00000000c3000000|  0%| F|  |TAMS 0x00000000c2f00000, 0x00000000c2f00000| Untracked 
|  48|0x00000000c3000000, 0x00000000c3000000, 0x00000000c3100000|  0%| F|  |TAMS 0x00000000c3000000, 0x00000000c3000000| Untracked 
|  49|0x00000000c3100000, 0x00000000c3100000, 0x00000000c3200000|  0%| F|  |TAMS 0x00000000c3100000, 0x00000000c3100000| Untracked 
|  50|0x00000000c3200000, 0x00000000c3200000, 0x00000000c3300000|  0%| F|  |TAMS 0x00000000c3200000, 0x00000000c3200000| Untracked 
|  51|0x00000000c3300000, 0x00000000c3300000, 0x00000000c3400000|  0%| F|  |TAMS 0x00000000c3300000, 0x00000000c3300000| Untracked 
|  52|0x00000000c3400000, 0x00000000c3400000, 0x00000000c3500000|  0%| F|  |TAMS 0x00000000c3400000, 0x00000000c3400000| Untracked 
|  53|0x00000000c3500000, 0x00000000c3500000, 0x00000000c3600000|  0%| F|  |TAMS 0x00000000c3500000, 0x00000000c3500000| Untracked 
|  54|0x00000000c3600000, 0x00000000c3600000, 0x00000000c3700000|  0%| F|  |TAMS 0x00000000c3600000, 0x00000000c3600000| Untracked 
|  55|0x00000000c3700000, 0x00000000c3700000, 0x00000000c3800000|  0%| F|  |TAMS 0x00000000c3700000, 0x00000000c3700000| Untracked 
|  56|0x00000000c3800000, 0x00000000c3800000, 0x00000000c3900000|  0%| F|  |TAMS 0x00000000c3800000, 0x00000000c3800000| Untracked 
|  57|0x00000000c3900000, 0x00000000c3900000, 0x00000000c3a00000|  0%| F|  |TAMS 0x00000000c3900000, 0x00000000c3900000| Untracked 
|  58|0x00000000c3a00000, 0x00000000c3b00000, 0x00000000c3b00000|100%| O|  |TAMS 0x00000000c3b00000, 0x00000000c3a00000| Untracked 
|  59|0x00000000c3b00000, 0x00000000c3b00000, 0x00000000c3c00000|  0%| F|  |TAMS 0x00000000c3b00000, 0x00000000c3b00000| Untracked 
|  60|0x00000000c3c00000, 0x00000000c3c00000, 0x00000000c3d00000|  0%| F|  |TAMS 0x00000000c3c00000, 0x00000000c3c00000| Untracked 
|  61|0x00000000c3d00000, 0x00000000c3d00000, 0x00000000c3e00000|  0%| F|  |TAMS 0x00000000c3d00000, 0x00000000c3d00000| Untracked 
|  62|0x00000000c3e00000, 0x00000000c3e00000, 0x00000000c3f00000|  0%| F|  |TAMS 0x00000000c3e00000, 0x00000000c3e00000| Untracked 
|  63|0x00000000c3f00000, 0x00000000c3f00000, 0x00000000c4000000|  0%| F|  |TAMS 0x00000000c3f00000, 0x00000000c3f00000| Untracked 
|  64|0x00000000c4000000, 0x00000000c4000000, 0x00000000c4100000|  0%| F|  |TAMS 0x00000000c4000000, 0x00000000c4000000| Untracked 
|  65|0x00000000c4100000, 0x00000000c4100000, 0x00000000c4200000|  0%| F|  |TAMS 0x00000000c4100000, 0x00000000c4100000| Untracked 
|  66|0x00000000c4200000, 0x00000000c4200000, 0x00000000c4300000|  0%| F|  |TAMS 0x00000000c4200000, 0x00000000c4200000| Untracked 
|  67|0x00000000c4300000, 0x00000000c4300000, 0x00000000c4400000|  0%| F|  |TAMS 0x00000000c4300000, 0x00000000c4300000| Untracked 
|  68|0x00000000c4400000, 0x00000000c4400000, 0x00000000c4500000|  0%| F|  |TAMS 0x00000000c4400000, 0x00000000c4400000| Untracked 
|  69|0x00000000c4500000, 0x00000000c4500000, 0x00000000c4600000|  0%| F|  |TAMS 0x00000000c4500000, 0x00000000c4500000| Untracked 
|  70|0x00000000c4600000, 0x00000000c4600000, 0x00000000c4700000|  0%| F|  |TAMS 0x00000000c4600000, 0x00000000c4600000| Untracked 
|  71|0x00000000c4700000, 0x00000000c4700000, 0x00000000c4800000|  0%| F|  |TAMS 0x00000000c4700000, 0x00000000c4700000| Untracked 
|  72|0x00000000c4800000, 0x00000000c4800000, 0x00000000c4900000|  0%| F|  |TAMS 0x00000000c4800000, 0x00000000c4800000| Untracked 
|  73|0x00000000c4900000, 0x00000000c4900000, 0x00000000c4a00000|  0%| F|  |TAMS 0x00000000c4900000, 0x00000000c4900000| Untracked 
|  74|0x00000000c4a00000, 0x00000000c4a00000, 0x00000000c4b00000|  0%| F|  |TAMS 0x00000000c4a00000, 0x00000000c4a00000| Untracked 
|  75|0x00000000c4b00000, 0x00000000c4b00000, 0x00000000c4c00000|  0%| F|  |TAMS 0x00000000c4b00000, 0x00000000c4b00000| Untracked 
|  76|0x00000000c4c00000, 0x00000000c4c00000, 0x00000000c4d00000|  0%| F|  |TAMS 0x00000000c4c00000, 0x00000000c4c00000| Untracked 
|  77|0x00000000c4d00000, 0x00000000c4d00000, 0x00000000c4e00000|  0%| F|  |TAMS 0x00000000c4d00000, 0x00000000c4d00000| Untracked 
|  78|0x00000000c4e00000, 0x00000000c4e00000, 0x00000000c4f00000|  0%| F|  |TAMS 0x00000000c4e00000, 0x00000000c4e00000| Untracked 
|  79|0x00000000c4f00000, 0x00000000c4f00000, 0x00000000c5000000|  0%| F|  |TAMS 0x00000000c4f00000, 0x00000000c4f00000| Untracked 
|  80|0x00000000c5000000, 0x00000000c5000000, 0x00000000c5100000|  0%| F|  |TAMS 0x00000000c5000000, 0x00000000c5000000| Untracked 
|  81|0x00000000c5100000, 0x00000000c5100000, 0x00000000c5200000|  0%| F|  |TAMS 0x00000000c5100000, 0x00000000c5100000| Untracked 
|  82|0x00000000c5200000, 0x00000000c5200000, 0x00000000c5300000|  0%| F|  |TAMS 0x00000000c5200000, 0x00000000c5200000| Untracked 
|  83|0x00000000c5300000, 0x00000000c5300000, 0x00000000c5400000|  0%| F|  |TAMS 0x00000000c5300000, 0x00000000c5300000| Untracked 
|  84|0x00000000c5400000, 0x00000000c5400000, 0x00000000c5500000|  0%| F|  |TAMS 0x00000000c5400000, 0x00000000c5400000| Untracked 
|  85|0x00000000c5500000, 0x00000000c5500000, 0x00000000c5600000|  0%| F|  |TAMS 0x00000000c5500000, 0x00000000c5500000| Untracked 
|  86|0x00000000c5600000, 0x00000000c5600000, 0x00000000c5700000|  0%| F|  |TAMS 0x00000000c5600000, 0x00000000c5600000| Untracked 
|  87|0x00000000c5700000, 0x00000000c5700000, 0x00000000c5800000|  0%| F|  |TAMS 0x00000000c5700000, 0x00000000c5700000| Untracked 
|  88|0x00000000c5800000, 0x00000000c5800000, 0x00000000c5900000|  0%| F|  |TAMS 0x00000000c5800000, 0x00000000c5800000| Untracked 
|  89|0x00000000c5900000, 0x00000000c5900000, 0x00000000c5a00000|  0%| F|  |TAMS 0x00000000c5900000, 0x00000000c5900000| Untracked 
|  90|0x00000000c5a00000, 0x00000000c5a00000, 0x00000000c5b00000|  0%| F|  |TAMS 0x00000000c5a00000, 0x00000000c5a00000| Untracked 
|  91|0x00000000c5b00000, 0x00000000c5b00000, 0x00000000c5c00000|  0%| F|  |TAMS 0x00000000c5b00000, 0x00000000c5b00000| Untracked 
|  92|0x00000000c5c00000, 0x00000000c5c00000, 0x00000000c5d00000|  0%| F|  |TAMS 0x00000000c5c00000, 0x00000000c5c00000| Untracked 
|  93|0x00000000c5d00000, 0x00000000c5d00000, 0x00000000c5e00000|  0%| F|  |TAMS 0x00000000c5d00000, 0x00000000c5d00000| Untracked 
|  94|0x00000000c5e00000, 0x00000000c5e00000, 0x00000000c5f00000|  0%| F|  |TAMS 0x00000000c5e00000, 0x00000000c5e00000| Untracked 
|  95|0x00000000c5f00000, 0x00000000c5f00000, 0x00000000c6000000|  0%| F|  |TAMS 0x00000000c5f00000, 0x00000000c5f00000| Untracked 
|  96|0x00000000c6000000, 0x00000000c6000000, 0x00000000c6100000|  0%| F|  |TAMS 0x00000000c6000000, 0x00000000c6000000| Untracked 
|  97|0x00000000c6100000, 0x00000000c6100000, 0x00000000c6200000|  0%| F|  |TAMS 0x00000000c6100000, 0x00000000c6100000| Untracked 
|  98|0x00000000c6200000, 0x00000000c6200000, 0x00000000c6300000|  0%| F|  |TAMS 0x00000000c6200000, 0x00000000c6200000| Untracked 
|  99|0x00000000c6300000, 0x00000000c6300000, 0x00000000c6400000|  0%| F|  |TAMS 0x00000000c6300000, 0x00000000c6300000| Untracked 
| 100|0x00000000c6400000, 0x00000000c6400000, 0x00000000c6500000|  0%| F|  |TAMS 0x00000000c6400000, 0x00000000c6400000| Untracked 
| 101|0x00000000c6500000, 0x00000000c6500000, 0x00000000c6600000|  0%| F|  |TAMS 0x00000000c6500000, 0x00000000c6500000| Untracked 
| 102|0x00000000c6600000, 0x00000000c6600000, 0x00000000c6700000|  0%| F|  |TAMS 0x00000000c6600000, 0x00000000c6600000| Untracked 
| 103|0x00000000c6700000, 0x00000000c6700000, 0x00000000c6800000|  0%| F|  |TAMS 0x00000000c6700000, 0x00000000c6700000| Untracked 
| 104|0x00000000c6800000, 0x00000000c6800000, 0x00000000c6900000|  0%| F|  |TAMS 0x00000000c6800000, 0x00000000c6800000| Untracked 
| 105|0x00000000c6900000, 0x00000000c6900000, 0x00000000c6a00000|  0%| F|  |TAMS 0x00000000c6900000, 0x00000000c6900000| Untracked 
| 106|0x00000000c6a00000, 0x00000000c6a00000, 0x00000000c6b00000|  0%| F|  |TAMS 0x00000000c6a00000, 0x00000000c6a00000| Untracked 
| 107|0x00000000c6b00000, 0x00000000c6b00000, 0x00000000c6c00000|  0%| F|  |TAMS 0x00000000c6b00000, 0x00000000c6b00000| Untracked 
| 108|0x00000000c6c00000, 0x00000000c6c00000, 0x00000000c6d00000|  0%| F|  |TAMS 0x00000000c6c00000, 0x00000000c6c00000| Untracked 
| 109|0x00000000c6d00000, 0x00000000c6d00000, 0x00000000c6e00000|  0%| F|  |TAMS 0x00000000c6d00000, 0x00000000c6d00000| Untracked 
| 110|0x00000000c6e00000, 0x00000000c6e00000, 0x00000000c6f00000|  0%| F|  |TAMS 0x00000000c6e00000, 0x00000000c6e00000| Untracked 
| 111|0x00000000c6f00000, 0x00000000c6f00000, 0x00000000c7000000|  0%| F|  |TAMS 0x00000000c6f00000, 0x00000000c6f00000| Untracked 
| 112|0x00000000c7000000, 0x00000000c7000000, 0x00000000c7100000|  0%| F|  |TAMS 0x00000000c7000000, 0x00000000c7000000| Untracked 
| 113|0x00000000c7100000, 0x00000000c7100000, 0x00000000c7200000|  0%| F|  |TAMS 0x00000000c7100000, 0x00000000c7100000| Untracked 
| 114|0x00000000c7200000, 0x00000000c7200000, 0x00000000c7300000|  0%| F|  |TAMS 0x00000000c7200000, 0x00000000c7200000| Untracked 
| 115|0x00000000c7300000, 0x00000000c7300000, 0x00000000c7400000|  0%| F|  |TAMS 0x00000000c7300000, 0x00000000c7300000| Untracked 
| 116|0x00000000c7400000, 0x00000000c7400000, 0x00000000c7500000|  0%| F|  |TAMS 0x00000000c7400000, 0x00000000c7400000| Untracked 
| 117|0x00000000c7500000, 0x00000000c7500000, 0x00000000c7600000|  0%| F|  |TAMS 0x00000000c7500000, 0x00000000c7500000| Untracked 
| 118|0x00000000c7600000, 0x00000000c7600000, 0x00000000c7700000|  0%| F|  |TAMS 0x00000000c7600000, 0x00000000c7600000| Untracked 
| 119|0x00000000c7700000, 0x00000000c7700000, 0x00000000c7800000|  0%| F|  |TAMS 0x00000000c7700000, 0x00000000c7700000| Untracked 
| 120|0x00000000c7800000, 0x00000000c7800000, 0x00000000c7900000|  0%| F|  |TAMS 0x00000000c7800000, 0x00000000c7800000| Untracked 
| 121|0x00000000c7900000, 0x00000000c7900000, 0x00000000c7a00000|  0%| F|  |TAMS 0x00000000c7900000, 0x00000000c7900000| Untracked 
| 122|0x00000000c7a00000, 0x00000000c7a00000, 0x00000000c7b00000|  0%| F|  |TAMS 0x00000000c7a00000, 0x00000000c7a00000| Untracked 
| 123|0x00000000c7b00000, 0x00000000c7b00000, 0x00000000c7c00000|  0%| F|  |TAMS 0x00000000c7b00000, 0x00000000c7b00000| Untracked 
| 124|0x00000000c7c00000, 0x00000000c7c00000, 0x00000000c7d00000|  0%| F|  |TAMS 0x00000000c7c00000, 0x00000000c7c00000| Untracked 
| 125|0x00000000c7d00000, 0x00000000c7d00000, 0x00000000c7e00000|  0%| F|  |TAMS 0x00000000c7d00000, 0x00000000c7d00000| Untracked 
| 126|0x00000000c7e00000, 0x00000000c7e00000, 0x00000000c7f00000|  0%| F|  |TAMS 0x00000000c7e00000, 0x00000000c7e00000| Untracked 
| 127|0x00000000c7f00000, 0x00000000c7f00000, 0x00000000c8000000|  0%| F|  |TAMS 0x00000000c7f00000, 0x00000000c7f00000| Untracked 
| 128|0x00000000c8000000, 0x00000000c8000000, 0x00000000c8100000|  0%| F|  |TAMS 0x00000000c8000000, 0x00000000c8000000| Untracked 
| 129|0x00000000c8100000, 0x00000000c8100000, 0x00000000c8200000|  0%| F|  |TAMS 0x00000000c8100000, 0x00000000c8100000| Untracked 
| 130|0x00000000c8200000, 0x00000000c8200000, 0x00000000c8300000|  0%| F|  |TAMS 0x00000000c8200000, 0x00000000c8200000| Untracked 
| 131|0x00000000c8300000, 0x00000000c8300000, 0x00000000c8400000|  0%| F|  |TAMS 0x00000000c8300000, 0x00000000c8300000| Untracked 
| 132|0x00000000c8400000, 0x00000000c8400000, 0x00000000c8500000|  0%| F|  |TAMS 0x00000000c8400000, 0x00000000c8400000| Untracked 
| 133|0x00000000c8500000, 0x00000000c8500000, 0x00000000c8600000|  0%| F|  |TAMS 0x00000000c8500000, 0x00000000c8500000| Untracked 
| 134|0x00000000c8600000, 0x00000000c8600000, 0x00000000c8700000|  0%| F|  |TAMS 0x00000000c8600000, 0x00000000c8600000| Untracked 
| 135|0x00000000c8700000, 0x00000000c8700000, 0x00000000c8800000|  0%| F|  |TAMS 0x00000000c8700000, 0x00000000c8700000| Untracked 
| 136|0x00000000c8800000, 0x00000000c8800000, 0x00000000c8900000|  0%| F|  |TAMS 0x00000000c8800000, 0x00000000c8800000| Untracked 
| 137|0x00000000c8900000, 0x00000000c8900000, 0x00000000c8a00000|  0%| F|  |TAMS 0x00000000c8900000, 0x00000000c8900000| Untracked 
| 138|0x00000000c8a00000, 0x00000000c8a00000, 0x00000000c8b00000|  0%| F|  |TAMS 0x00000000c8a00000, 0x00000000c8a00000| Untracked 
| 139|0x00000000c8b00000, 0x00000000c8b00000, 0x00000000c8c00000|  0%| F|  |TAMS 0x00000000c8b00000, 0x00000000c8b00000| Untracked 
| 140|0x00000000c8c00000, 0x00000000c8c00000, 0x00000000c8d00000|  0%| F|  |TAMS 0x00000000c8c00000, 0x00000000c8c00000| Untracked 
| 141|0x00000000c8d00000, 0x00000000c8d00000, 0x00000000c8e00000|  0%| F|  |TAMS 0x00000000c8d00000, 0x00000000c8d00000| Untracked 
| 142|0x00000000c8e00000, 0x00000000c8e00000, 0x00000000c8f00000|  0%| F|  |TAMS 0x00000000c8e00000, 0x00000000c8e00000| Untracked 
| 143|0x00000000c8f00000, 0x00000000c8f00000, 0x00000000c9000000|  0%| F|  |TAMS 0x00000000c8f00000, 0x00000000c8f00000| Untracked 
| 144|0x00000000c9000000, 0x00000000c9000000, 0x00000000c9100000|  0%| F|  |TAMS 0x00000000c9000000, 0x00000000c9000000| Untracked 
| 145|0x00000000c9100000, 0x00000000c9100000, 0x00000000c9200000|  0%| F|  |TAMS 0x00000000c9100000, 0x00000000c9100000| Untracked 
| 146|0x00000000c9200000, 0x00000000c9200000, 0x00000000c9300000|  0%| F|  |TAMS 0x00000000c9200000, 0x00000000c9200000| Untracked 
| 147|0x00000000c9300000, 0x00000000c9300000, 0x00000000c9400000|  0%| F|  |TAMS 0x00000000c9300000, 0x00000000c9300000| Untracked 
| 148|0x00000000c9400000, 0x00000000c9400000, 0x00000000c9500000|  0%| F|  |TAMS 0x00000000c9400000, 0x00000000c9400000| Untracked 
| 149|0x00000000c9500000, 0x00000000c95995b0, 0x00000000c9600000| 59%| E|  |TAMS 0x00000000c9500000, 0x00000000c9500000| Complete 

Card table byte_map: [0x0000027761fe0000,0x00000277621e0000] _byte_map_base: 0x00000277619e0000

Marking Bits (Prev, Next): (CMBitMap*) 0x000002775c37eda0, (CMBitMap*) 0x000002775c37ede0
 Prev Bits: [0x00000277623e0000, 0x00000277633e0000)
 Next Bits: [0x00000277633e0000, 0x00000277643e0000)

Polling page: 0x000002775a1b0000

Metaspace:

Usage:
  Non-class:     55.94 MB used.
      Class:      7.87 MB used.
       Both:     63.81 MB used.

Virtual space:
  Non-class space:       64.00 MB reserved,      56.38 MB ( 88%) committed,  1 nodes.
      Class space:        1.00 GB reserved,       8.19 MB ( <1%) committed,  1 nodes.
             Both:        1.06 GB reserved,      64.56 MB (  6%) committed. 

Chunk freelists:
   Non-Class:  7.20 MB
       Class:  7.91 MB
        Both:  15.11 MB

MaxMetaspaceSize: unlimited
CompressedClassSpaceSize: 1.00 GB
Initial GC threshold: 21.00 MB
Current GC threshold: 107.62 MB
CDS: off
MetaspaceReclaimPolicy: balanced
 - commit_granule_bytes: 65536.
 - commit_granule_words: 8192.
 - virtual_space_node_default_size: 8388608.
 - enlarge_chunks_in_place: 1.
 - new_chunks_are_fully_committed: 0.
 - uncommit_free_chunks: 1.
 - use_allocation_guard: 0.
 - handle_deallocations: 1.


Internal statistics:

num_allocs_failed_limit: 6.
num_arena_births: 1372.
num_arena_deaths: 790.
num_vsnodes_births: 2.
num_vsnodes_deaths: 0.
num_space_committed: 1033.
num_space_uncommitted: 1.
num_chunks_returned_to_freelist: 1075.
num_chunks_taken_from_freelist: 3859.
num_chunk_merges: 354.
num_chunk_splits: 2285.
num_chunks_enlarged: 1541.
num_inconsistent_stats: 0.

CodeCache: size=49152Kb used=16759Kb max_used=16759Kb free=32392Kb
 bounds [0x000002775efe0000, 0x0000027760040000, 0x0000027761fe0000]
 total_blobs=9939 nmethods=9245 adapters=621
 compilation: enabled
              stopped_count=0, restarted_count=0
 full_count=0

Compilation events (20 events):
Event: 1574.535 Thread 0x00000277668f2790 9244       1       org.eclipse.jdt.internal.compiler.ast.Annotation::detectStandardAnnotation (782 bytes)
Event: 1574.540 Thread 0x00000277668f2790 nmethod 9244 0x0000027760037d90 code [0x0000027760038040, 0x0000027760038c88]
Event: 1574.540 Thread 0x00000277668f2790 9245       1       org.eclipse.jdt.internal.compiler.ast.CompilationUnitDeclaration::recordSuppressWarnings (246 bytes)
Event: 1574.542 Thread 0x00000277668f2790 nmethod 9245 0x0000027760039610 code [0x0000027760039860, 0x000002776003a508]
Event: 1574.542 Thread 0x00000277668f2790 9246       1       org.eclipse.jdt.internal.compiler.ast.Annotation::checkAnnotationTarget (99 bytes)
Event: 1574.543 Thread 0x00000277668f2790 nmethod 9246 0x000002776003a990 code [0x000002776003aba0, 0x000002776003af58]
Event: 1574.545 Thread 0x00000277668f2790 9247       1       org.eclipse.jdt.core.dom.ASTConverter::convert (41 bytes)
Event: 1574.545 Thread 0x00000277668f2790 nmethod 9247 0x000002776003b210 code [0x000002776003b3e0, 0x000002776003b668]
Event: 1574.545 Thread 0x00000277668f2790 9248       1       org.eclipse.jdt.core.dom.Annotation::<init> (6 bytes)
Event: 1574.546 Thread 0x00000277668f2790 nmethod 9248 0x000002776003b790 code [0x000002776003b920, 0x000002776003ba08]
Event: 1574.546 Thread 0x00000277668f2790 9249       1       org.eclipse.jdt.core.dom.ASTConverter::setTypeNameForAnnotation (139 bytes)
Event: 1574.547 Thread 0x00000277668f2790 nmethod 9249 0x000002776003ba90 code [0x000002776003bcc0, 0x000002776003c208]
Event: 1574.547 Thread 0x00000277668f2790 9250       1       org.eclipse.jdt.core.dom.Annotation::setTypeName (42 bytes)
Event: 1574.548 Thread 0x00000277668f2790 nmethod 9250 0x000002776003c610 code [0x000002776003c7e0, 0x000002776003ca38]
Event: 1574.548 Thread 0x00000277668f2790 9251       1       org.eclipse.jdt.core.dom.ASTConverter::createModifier (47 bytes)
Event: 1574.549 Thread 0x00000277668f2790 nmethod 9251 0x000002776003cb90 code [0x000002776003cd80, 0x000002776003d1b8]
Event: 1574.549 Thread 0x00000277668f2790 9252       1       org.eclipse.jdt.core.dom.Modifier::<init> (17 bytes)
Event: 1574.550 Thread 0x00000277668f2790 nmethod 9252 0x000002776003d490 code [0x000002776003d640, 0x000002776003d858]
Event: 1574.550 Thread 0x00000277668f2790 9253       1       org.eclipse.jdt.core.dom.Modifier::setKeyword (32 bytes)
Event: 1574.550 Thread 0x00000277668f2790 nmethod 9253 0x000002776003d990 code [0x000002776003db40, 0x000002776003dd68]

GC Heap History (20 events):
Event: 1179.219 GC heap after
{Heap after GC invocations=67 (full 29):
 garbage-first heap   total 111616K, used 54592K [0x00000000c0000000, 0x0000000100000000)
  region size 1024K, 4 young (4096K), 4 survivors (4096K)
 Metaspace       used 64942K, committed 65472K, reserved 1114112K
  class space    used 8000K, committed 8256K, reserved 1048576K
}
Event: 1179.232 GC heap before
{Heap before GC invocations=67 (full 29):
 garbage-first heap   total 111616K, used 55616K [0x00000000c0000000, 0x0000000100000000)
  region size 1024K, 5 young (5120K), 4 survivors (4096K)
 Metaspace       used 64942K, committed 65472K, reserved 1114112K
  class space    used 8000K, committed 8256K, reserved 1048576K
}
Event: 1179.244 GC heap after
{Heap after GC invocations=68 (full 29):
 garbage-first heap   total 111616K, used 54095K [0x00000000c0000000, 0x0000000100000000)
  region size 1024K, 1 young (1024K), 1 survivors (1024K)
 Metaspace       used 64942K, committed 65472K, reserved 1114112K
  class space    used 8000K, committed 8256K, reserved 1048576K
}
Event: 1214.423 GC heap before
{Heap before GC invocations=68 (full 29):
 garbage-first heap   total 111616K, used 82767K [0x00000000c0000000, 0x0000000100000000)
  region size 1024K, 30 young (30720K), 1 survivors (1024K)
 Metaspace       used 65114K, committed 65600K, reserved 1114112K
  class space    used 8034K, committed 8256K, reserved 1048576K
}
Event: 1214.435 GC heap after
{Heap after GC invocations=69 (full 29):
 garbage-first heap   total 241664K, used 56577K [0x00000000c0000000, 0x0000000100000000)
  region size 1024K, 3 young (3072K), 3 survivors (3072K)
 Metaspace       used 65114K, committed 65600K, reserved 1114112K
  class space    used 8034K, committed 8256K, reserved 1048576K
}
Event: 1317.504 GC heap before
{Heap before GC invocations=70 (full 29):
 garbage-first heap   total 211968K, used 146689K [0x00000000c0000000, 0x0000000100000000)
  region size 1024K, 92 young (94208K), 3 survivors (3072K)
 Metaspace       used 65454K, committed 66048K, reserved 1114112K
  class space    used 8086K, committed 8384K, reserved 1048576K
}
Event: 1317.517 GC heap after
{Heap after GC invocations=71 (full 29):
 garbage-first heap   total 211968K, used 55818K [0x00000000c0000000, 0x0000000100000000)
  region size 1024K, 3 young (3072K), 3 survivors (3072K)
 Metaspace       used 65454K, committed 66048K, reserved 1114112K
  class space    used 8086K, committed 8384K, reserved 1048576K
}
Event: 1321.775 GC heap before
{Heap before GC invocations=71 (full 29):
 garbage-first heap   total 211968K, used 62986K [0x00000000c0000000, 0x0000000100000000)
  region size 1024K, 10 young (10240K), 3 survivors (3072K)
 Metaspace       used 65478K, committed 66112K, reserved 1114112K
  class space    used 8088K, committed 8384K, reserved 1048576K
}
Event: 1321.782 GC heap after
{Heap after GC invocations=72 (full 29):
 garbage-first heap   total 211968K, used 55021K [0x00000000c0000000, 0x0000000100000000)
  region size 1024K, 1 young (1024K), 1 survivors (1024K)
 Metaspace       used 65478K, committed 66112K, reserved 1114112K
  class space    used 8088K, committed 8384K, reserved 1048576K
}
Event: 1383.781 GC heap before
{Heap before GC invocations=72 (full 29):
 garbage-first heap   total 211968K, used 162541K [0x00000000c0000000, 0x0000000100000000)
  region size 1024K, 106 young (108544K), 1 survivors (1024K)
 Metaspace       used 65526K, committed 66112K, reserved 1114112K
  class space    used 8095K, committed 8384K, reserved 1048576K
}
Event: 1383.785 GC heap after
{Heap after GC invocations=73 (full 29):
 garbage-first heap   total 211968K, used 55346K [0x00000000c0000000, 0x0000000100000000)
  region size 1024K, 2 young (2048K), 2 survivors (2048K)
 Metaspace       used 65526K, committed 66112K, reserved 1114112K
  class space    used 8095K, committed 8384K, reserved 1048576K
}
Event: 1426.489 GC heap before
{Heap before GC invocations=74 (full 29):
 garbage-first heap   total 211968K, used 62514K [0x00000000c0000000, 0x0000000100000000)
  region size 1024K, 10 young (10240K), 2 survivors (2048K)
 Metaspace       used 65381K, committed 66112K, reserved 1114112K
  class space    used 8068K, committed 8384K, reserved 1048576K
}
Event: 1426.583 GC heap after
{Heap after GC invocations=75 (full 30):
 garbage-first heap   total 163840K, used 46050K [0x00000000c0000000, 0x0000000100000000)
  region size 1024K, 0 young (0K), 0 survivors (0K)
 Metaspace       used 65381K, committed 66112K, reserved 1114112K
  class space    used 8068K, committed 8384K, reserved 1048576K
}
Event: 1436.664 GC heap before
{Heap before GC invocations=75 (full 30):
 garbage-first heap   total 163840K, used 46050K [0x00000000c0000000, 0x0000000100000000)
  region size 1024K, 1 young (1024K), 0 survivors (0K)
 Metaspace       used 65381K, committed 66112K, reserved 1114112K
  class space    used 8068K, committed 8384K, reserved 1048576K
}
Event: 1436.771 GC heap after
{Heap after GC invocations=76 (full 31):
 garbage-first heap   total 157696K, used 46050K [0x00000000c0000000, 0x0000000100000000)
  region size 1024K, 0 young (0K), 0 survivors (0K)
 Metaspace       used 65381K, committed 66112K, reserved 1114112K
  class space    used 8068K, committed 8384K, reserved 1048576K
}
Event: 1616.894 GC heap before
{Heap before GC invocations=76 (full 31):
 garbage-first heap   total 157696K, used 112610K [0x00000000c0000000, 0x0000000100000000)
  region size 1024K, 67 young (68608K), 0 survivors (0K)
 Metaspace       used 65387K, committed 66112K, reserved 1114112K
  class space    used 8069K, committed 8384K, reserved 1048576K
}
Event: 1617.007 GC heap after
{Heap after GC invocations=77 (full 32):
 garbage-first heap   total 157696K, used 45245K [0x00000000c0000000, 0x0000000100000000)
  region size 1024K, 0 young (0K), 0 survivors (0K)
 Metaspace       used 65384K, committed 66112K, reserved 1114112K
  class space    used 8068K, committed 8384K, reserved 1048576K
}
Event: 1627.104 GC heap before
{Heap before GC invocations=77 (full 32):
 garbage-first heap   total 157696K, used 45245K [0x00000000c0000000, 0x0000000100000000)
  region size 1024K, 1 young (1024K), 0 survivors (0K)
 Metaspace       used 65384K, committed 66112K, reserved 1114112K
  class space    used 8068K, committed 8384K, reserved 1048576K
}
Event: 1627.225 GC heap after
{Heap after GC invocations=78 (full 33):
 garbage-first heap   total 153600K, used 44661K [0x00000000c0000000, 0x0000000100000000)
  region size 1024K, 0 young (0K), 0 survivors (0K)
 Metaspace       used 65344K, committed 66112K, reserved 1114112K
  class space    used 8062K, committed 8384K, reserved 1048576K
}
Event: 1667.865 GC heap before
{Heap before GC invocations=78 (full 33):
 garbage-first heap   total 153600K, used 44661K [0x00000000c0000000, 0x0000000100000000)
  region size 1024K, 1 young (1024K), 0 survivors (0K)
 Metaspace       used 65344K, committed 66112K, reserved 1114112K
  class space    used 8062K, committed 8384K, reserved 1048576K
}

Dll operation events (11 events):
Event: 0.090 Loaded shared library c:\Users\admin\.vscode\extensions\redhat.java-1.32.0-win32-x64\jre\17.0.11-win32-x86_64\bin\java.dll
Event: 4.683 Loaded shared library C:\Users\admin\.vscode\extensions\redhat.java-1.32.0-win32-x64\jre\17.0.11-win32-x86_64\bin\net.dll
Event: 4.703 Loaded shared library C:\Users\admin\.vscode\extensions\redhat.java-1.32.0-win32-x64\jre\17.0.11-win32-x86_64\bin\nio.dll
Event: 5.012 Loaded shared library C:\Users\admin\.vscode\extensions\redhat.java-1.32.0-win32-x64\jre\17.0.11-win32-x86_64\bin\zip.dll
Event: 7.558 Loaded shared library C:\Users\admin\.vscode\extensions\redhat.java-1.32.0-win32-x64\jre\17.0.11-win32-x86_64\bin\jimage.dll
Event: 21.596 Loaded shared library c:\Users\admin\.vscode\extensions\redhat.java-1.32.0-win32-x64\jre\17.0.11-win32-x86_64\bin\verify.dll
Event: 35.808 Loaded shared library C:\Users\admin\.vscode\extensions\redhat.java-1.32.0-win32-x64\jre\17.0.11-win32-x86_64\bin\management.dll
Event: 35.816 Loaded shared library C:\Users\admin\.vscode\extensions\redhat.java-1.32.0-win32-x64\jre\17.0.11-win32-x86_64\bin\management_ext.dll
Event: 39.321 Loaded shared library C:\Users\admin\.vscode\extensions\redhat.java-1.32.0-win32-x64\jre\17.0.11-win32-x86_64\bin\sunmscapi.dll
Event: 40.121 Loaded shared library C:\Users\admin\.vscode\extensions\redhat.java-1.32.0-win32-x64\jre\17.0.11-win32-x86_64\bin\extnet.dll
Event: 112.050 Loaded shared library C:\Users\admin\.vscode\extensions\redhat.java-1.32.0-win32-x64\jre\17.0.11-win32-x86_64\bin\rmi.dll

Deoptimization events (20 events):
Event: 42.479 Thread 0x000002776c4dba10 DEOPT PACKING pc=0x000002775f6ccd24 sp=0x000000c059eff180
Event: 42.479 Thread 0x000002776c4dba10 DEOPT UNPACKING pc=0x000002775f037143 sp=0x000000c059efe668 mode 0
Event: 78.059 Thread 0x000002776bb63950 DEOPT PACKING pc=0x000002775f387cd4 sp=0x000000c0592ff320
Event: 78.059 Thread 0x000002776bb63950 DEOPT UNPACKING pc=0x000002775f037143 sp=0x000000c0592fe7c8 mode 0
Event: 747.571 Thread 0x000002776c4dc430 DEOPT PACKING pc=0x000002775f59be8c sp=0x000000c0597fe260
Event: 747.571 Thread 0x000002776c4dc430 DEOPT UNPACKING pc=0x000002775f037143 sp=0x000000c0597fd7c8 mode 0
Event: 747.571 Thread 0x000002776c4dc430 DEOPT PACKING pc=0x000002775f9debcc sp=0x000000c0597fe390
Event: 747.571 Thread 0x000002776c4dc430 DEOPT UNPACKING pc=0x000002775f037143 sp=0x000000c0597fd870 mode 0
Event: 747.571 Thread 0x000002776c4dc430 DEOPT PACKING pc=0x000002775f59be8c sp=0x000000c0597fe4c0
Event: 747.571 Thread 0x000002776c4dc430 DEOPT UNPACKING pc=0x000002775f037143 sp=0x000000c0597fda28 mode 0
Event: 747.571 Thread 0x000002776c4dc430 DEOPT PACKING pc=0x000002775f9debcc sp=0x000000c0597fe5f0
Event: 747.571 Thread 0x000002776c4dc430 DEOPT UNPACKING pc=0x000002775f037143 sp=0x000000c0597fdad0 mode 0
Event: 747.571 Thread 0x000002776c4dc430 DEOPT PACKING pc=0x000002775fb6adac sp=0x000000c0597fe690
Event: 747.572 Thread 0x000002776c4dc430 DEOPT UNPACKING pc=0x000002775f037143 sp=0x000000c0597fdb68 mode 0
Event: 747.572 Thread 0x000002776c4dc430 DEOPT PACKING pc=0x000002775f9f4374 sp=0x000000c0597fe7b0
Event: 747.572 Thread 0x000002776c4dc430 DEOPT UNPACKING pc=0x000002775f037143 sp=0x000000c0597fdc80 mode 0
Event: 747.574 Thread 0x000002776c4dc430 DEOPT PACKING pc=0x000002775f59be8c sp=0x000000c0597fe910
Event: 747.574 Thread 0x000002776c4dc430 DEOPT UNPACKING pc=0x000002775f037143 sp=0x000000c0597fde78 mode 0
Event: 747.574 Thread 0x000002776c4dc430 DEOPT PACKING pc=0x000002775f9debcc sp=0x000000c0597fea40
Event: 747.574 Thread 0x000002776c4dc430 DEOPT UNPACKING pc=0x000002775f037143 sp=0x000000c0597fdf38 mode 0

Classes unloaded (20 events):
Event: 1383.963 Thread 0x000002776689f2f0 Unloading class 0x0000000100096000 'java/lang/invoke/LambdaForm$MH+0x0000000100096000'
Event: 1383.963 Thread 0x000002776689f2f0 Unloading class 0x0000000100094400 'java/lang/invoke/LambdaForm$MH+0x0000000100094400'
Event: 1383.963 Thread 0x000002776689f2f0 Unloading class 0x0000000100258400 'java/lang/invoke/LambdaForm$MH+0x0000000100258400'
Event: 1383.963 Thread 0x000002776689f2f0 Unloading class 0x00000001003a8000 'jdk/internal/reflect/GeneratedConstructorAccessor69'
Event: 1383.963 Thread 0x000002776689f2f0 Unloading class 0x0000000100529000 'jdk/internal/reflect/GeneratedConstructorAccessor67'
Event: 1383.963 Thread 0x000002776689f2f0 Unloading class 0x0000000100410800 'jdk/internal/reflect/GeneratedConstructorAccessor66'
Event: 1616.947 Thread 0x000002776689f2f0 Unloading class 0x0000000100810c00 'jdk/internal/reflect/GeneratedSerializationConstructorAccessor130'
Event: 1627.158 Thread 0x000002776689f2f0 Unloading class 0x0000000100811c00 'jdk/internal/reflect/GeneratedSerializationConstructorAccessor158'
Event: 1627.158 Thread 0x000002776689f2f0 Unloading class 0x0000000100821c00 'jdk/internal/reflect/GeneratedMethodAccessor51'
Event: 1627.158 Thread 0x000002776689f2f0 Unloading class 0x0000000100821800 'jdk/internal/reflect/GeneratedConstructorAccessor76'
Event: 1627.158 Thread 0x000002776689f2f0 Unloading class 0x0000000100821400 'jdk/internal/reflect/GeneratedMethodAccessor50'
Event: 1627.158 Thread 0x000002776689f2f0 Unloading class 0x0000000100821000 'jdk/internal/reflect/GeneratedConstructorAccessor75'
Event: 1627.158 Thread 0x000002776689f2f0 Unloading class 0x0000000100820c00 'jdk/internal/reflect/GeneratedMethodAccessor49'
Event: 1627.158 Thread 0x000002776689f2f0 Unloading class 0x0000000100820800 'jdk/internal/reflect/GeneratedMethodAccessor48'
Event: 1627.158 Thread 0x000002776689f2f0 Unloading class 0x0000000100820400 'jdk/internal/reflect/GeneratedMethodAccessor47'
Event: 1627.158 Thread 0x000002776689f2f0 Unloading class 0x0000000100811800 'jdk/internal/reflect/GeneratedSerializationConstructorAccessor133'
Event: 1627.158 Thread 0x000002776689f2f0 Unloading class 0x0000000100811000 'jdk/internal/reflect/GeneratedSerializationConstructorAccessor131'
Event: 1627.158 Thread 0x000002776689f2f0 Unloading class 0x0000000100808000 'jdk/internal/reflect/GeneratedConstructorAccessor70'
Event: 1627.158 Thread 0x000002776689f2f0 Unloading class 0x0000000100268c00 'jdk/internal/reflect/GeneratedConstructorAccessor68'
Event: 1627.159 Thread 0x000002776689f2f0 Unloading class 0x00000001003b2400 'jdk/internal/reflect/GeneratedConstructorAccessor65'

Classes redefined (0 events):
No events

Internal exceptions (20 events):
Event: 1171.713 Thread 0x000002776c4dc430 Exception <a 'sun/nio/fs/WindowsException'{0x00000000c6954a78}> (0x00000000c6954a78) 
thrown [s\src\hotspot\share\prims\jni.cpp, line 516]
Event: 1172.858 Thread 0x000002776c4dd360 Exception <a 'sun/nio/fs/WindowsException'{0x00000000c6119800}> (0x00000000c6119800) 
thrown [s\src\hotspot\share\prims\jni.cpp, line 516]
Event: 1172.859 Thread 0x000002776c4dd360 Exception <a 'sun/nio/fs/WindowsException'{0x00000000c611a010}> (0x00000000c611a010) 
thrown [s\src\hotspot\share\prims\jni.cpp, line 516]
Event: 1172.859 Thread 0x000002776c4dd360 Exception <a 'sun/nio/fs/WindowsException'{0x00000000c611a428}> (0x00000000c611a428) 
thrown [s\src\hotspot\share\prims\jni.cpp, line 516]
Event: 1172.859 Thread 0x000002776c4dd360 Exception <a 'sun/nio/fs/WindowsException'{0x00000000c611b3e8}> (0x00000000c611b3e8) 
thrown [s\src\hotspot\share\prims\jni.cpp, line 516]
Event: 1172.859 Thread 0x000002776c4dd360 Exception <a 'sun/nio/fs/WindowsException'{0x00000000c611b838}> (0x00000000c611b838) 
thrown [s\src\hotspot\share\prims\jni.cpp, line 516]
Event: 1172.859 Thread 0x000002776c4dd360 Exception <a 'sun/nio/fs/WindowsException'{0x00000000c611c5e0}> (0x00000000c611c5e0) 
thrown [s\src\hotspot\share\prims\jni.cpp, line 516]
Event: 1172.860 Thread 0x000002776c4dd360 Exception <a 'sun/nio/fs/WindowsException'{0x00000000c611ce30}> (0x00000000c611ce30) 
thrown [s\src\hotspot\share\prims\jni.cpp, line 516]
Event: 1172.860 Thread 0x000002776c4dd360 Exception <a 'sun/nio/fs/WindowsException'{0x00000000c611d268}> (0x00000000c611d268) 
thrown [s\src\hotspot\share\prims\jni.cpp, line 516]
Event: 1172.860 Thread 0x000002776c4dd360 Exception <a 'sun/nio/fs/WindowsException'{0x00000000c611e250}> (0x00000000c611e250) 
thrown [s\src\hotspot\share\prims\jni.cpp, line 516]
Event: 1172.860 Thread 0x000002776c4dd360 Exception <a 'sun/nio/fs/WindowsException'{0x00000000c611e6c8}> (0x00000000c611e6c8) 
thrown [s\src\hotspot\share\prims\jni.cpp, line 516]
Event: 1174.099 Thread 0x000002776c59ba40 Exception <a 'java/lang/NoSuchMethodError'{0x00000000c5c04690}: 'java.lang.Object java.lang.invoke.DirectMethodHandle$Holder.newInvokeSpecial(java.lang.Object, java.lang.Object, int, java.lang.Object)'> (0x00000000c5c04690) 
thrown [s\src\hotspot\share\interpreter\linkResolver.cpp, line 759]
Event: 1174.099 Thread 0x000002776c59ba40 Exception <a 'java/lang/NoSuchMethodError'{0x00000000c5c07fb0}: 'java.lang.Object java.lang.invoke.Invokers$Holder.linkToTargetMethod(java.lang.Object, int, java.lang.Object, java.lang.Object)'> (0x00000000c5c07fb0) 
thrown [s\src\hotspot\share\interpreter\linkResolver.cpp, line 759]
Event: 1224.612 Thread 0x000002776c596e50 Exception <a 'java/net/ConnectException'{0x00000000cba36c10}: Connection refused: connect> (0x00000000cba36c10) 
thrown [s\src\hotspot\share\prims\jni.cpp, line 535]
Event: 1224.612 Thread 0x000002776c596e50 Exception <a 'java/net/SocketException'{0x00000000cba36f48}: Socket is not connected: shutdown> (0x00000000cba36f48) 
thrown [s\src\hotspot\share\prims\jni.cpp, line 535]
Event: 1228.054 Thread 0x000002776c5991c0 Exception <a 'java/lang/NoSuchMethodError'{0x00000000cba7b0e8}: static [Ljava/rmi/server/ObjID;.<clinit>()V> (0x00000000cba7b0e8) 
thrown [s\src\hotspot\share\prims\jni.cpp, line 1112]
Event: 1228.060 Thread 0x000002776c5991c0 Exception <a 'java/lang/NoSuchMethodError'{0x00000000cba99888}: static [B.<clinit>()V> (0x00000000cba99888) 
thrown [s\src\hotspot\share\prims\jni.cpp, line 1112]
Event: 1228.097 Thread 0x000002776c594ae0 Exception <a 'java/lang/InterruptedException'{0x00000000cbaa03d0}> (0x00000000cbaa03d0) 
thrown [s\src\hotspot\share\runtime\objectMonitor.cpp, line 1658]
Event: 1228.796 Thread 0x000002776c59a600 Exception <a 'java/lang/NoSuchMethodError'{0x00000000cb91c8c8}: static [Ljava/lang/String;.<clinit>()V> (0x00000000cb91c8c8) 
thrown [s\src\hotspot\share\prims\jni.cpp, line 1112]
Event: 1256.946 Thread 0x000002776c5991c0 Exception <a 'java/lang/NoSuchMethodError'{0x00000000cbae7e38}: static [Ljava/lang/Object;.<clinit>()V> (0x00000000cbae7e38) 
thrown [s\src\hotspot\share\prims\jni.cpp, line 1112]

VM Operations (20 events):
Event: 1436.771 Executing VM operation: G1CollectFull done
Event: 1504.802 Executing VM operation: Cleanup
Event: 1504.802 Executing VM operation: Cleanup done
Event: 1505.805 Executing VM operation: Cleanup
Event: 1505.805 Executing VM operation: Cleanup done
Event: 1509.806 Executing VM operation: Cleanup
Event: 1509.806 Executing VM operation: Cleanup done
Event: 1523.810 Executing VM operation: Cleanup
Event: 1523.810 Executing VM operation: Cleanup done
Event: 1542.822 Executing VM operation: Cleanup
Event: 1542.822 Executing VM operation: Cleanup done
Event: 1543.823 Executing VM operation: Cleanup
Event: 1543.823 Executing VM operation: Cleanup done
Event: 1574.837 Executing VM operation: Cleanup
Event: 1574.837 Executing VM operation: Cleanup done
Event: 1616.893 Executing VM operation: G1CollectFull
Event: 1617.007 Executing VM operation: G1CollectFull done
Event: 1627.104 Executing VM operation: G1CollectFull
Event: 1627.226 Executing VM operation: G1CollectFull done
Event: 1667.864 Executing VM operation: G1CollectFull

Events (20 events):
Event: 1324.091 loading class java/util/stream/SpinedBuffer$OfInt
Event: 1324.092 loading class java/util/stream/SpinedBuffer$OfPrimitive
Event: 1324.092 loading class java/util/stream/SpinedBuffer$OfPrimitive done
Event: 1324.092 loading class java/util/stream/SpinedBuffer$OfInt done
Event: 1324.092 loading class java/util/stream/Nodes$IntSpinedNodeBuilder done
Event: 1326.742 Thread 0x000002776c4da5d0 Thread added: 0x000002776c4da5d0
Event: 1341.871 Thread 0x000002776c4daae0 Thread added: 0x000002776c4daae0
Event: 1373.566 Thread 0x000002776c59ba40 Thread exited: 0x000002776c59ba40
Event: 1440.514 Thread 0x000002776c4daae0 Thread exited: 0x000002776c4daae0
Event: 1444.116 Thread 0x000002776c5987a0 Thread exited: 0x000002776c5987a0
Event: 1450.032 Thread 0x000002776c4da5d0 Thread exited: 0x000002776c4da5d0
Event: 1451.371 Thread 0x000002776c4da5d0 Thread added: 0x000002776c4da5d0
Event: 1497.672 Thread 0x000002776c4daae0 Thread added: 0x000002776c4daae0
Event: 1502.840 Thread 0x000002776c4daff0 Thread added: 0x000002776c4daff0
Event: 1541.974 Thread 0x000002776c597d80 Thread added: 0x000002776c597d80
Event: 1562.841 Thread 0x000002776c4da0c0 Thread exited: 0x000002776c4da0c0
Event: 1602.172 Thread 0x000002776c4da5d0 Thread exited: 0x000002776c4da5d0
Event: 1604.288 Thread 0x000002776c4daae0 Thread exited: 0x000002776c4daae0
Event: 1634.547 Thread 0x000002776c597d80 Thread exited: 0x000002776c597d80
Event: 1644.010 Thread 0x000002776c59b020 Thread exited: 0x000002776c59b020


Dynamic libraries:
0x00007ff6ad490000 - 0x00007ff6ad49e000 	c:\Users\admin\.vscode\extensions\redhat.java-1.32.0-win32-x64\jre\17.0.11-win32-x86_64\bin\java.exe
0x00007ffe0e430000 - 0x00007ffe0e628000 	C:\WINDOWS\SYSTEM32\ntdll.dll
0x00007ffe0d830000 - 0x00007ffe0d8ef000 	C:\WINDOWS\System32\KERNEL32.DLL
0x00007ffe0c060000 - 0x00007ffe0c33a000 	C:\WINDOWS\System32\KERNELBASE.dll
0x00007ffe0c390000 - 0x00007ffe0c490000 	C:\WINDOWS\System32\ucrtbase.dll
0x00007ffdfc830000 - 0x00007ffdfc84b000 	c:\Users\admin\.vscode\extensions\redhat.java-1.32.0-win32-x64\jre\17.0.11-win32-x86_64\bin\VCRUNTIME140.dll
0x00007ffdfc720000 - 0x00007ffdfc737000 	c:\Users\admin\.vscode\extensions\redhat.java-1.32.0-win32-x64\jre\17.0.11-win32-x86_64\bin\jli.dll
0x00007ffe0d8f0000 - 0x00007ffe0da8d000 	C:\WINDOWS\System32\USER32.dll
0x00007ffe0bd50000 - 0x00007ffe0bd72000 	C:\WINDOWS\System32\win32u.dll
0x00007ffe0e0f0000 - 0x00007ffe0e11b000 	C:\WINDOWS\System32\GDI32.dll
0x00007ffdfdbb0000 - 0x00007ffdfde4a000 	C:\WINDOWS\WinSxS\amd64_microsoft.windows.common-controls_6595b64144ccf1df_6.0.19041.1110_none_60b5254171f9507e\COMCTL32.dll
0x00007ffe0beb0000 - 0x00007ffe0bfc0000 	C:\WINDOWS\System32\gdi32full.dll
0x00007ffe0d280000 - 0x00007ffe0d31e000 	C:\WINDOWS\System32\msvcrt.dll
0x00007ffe0bfc0000 - 0x00007ffe0c05d000 	C:\WINDOWS\System32\msvcp_win.dll
0x00007ffe0e2b0000 - 0x00007ffe0e2e0000 	C:\WINDOWS\System32\IMM32.DLL
0x00007ffdf0b80000 - 0x00007ffdf0b8c000 	c:\Users\admin\.vscode\extensions\redhat.java-1.32.0-win32-x64\jre\17.0.11-win32-x86_64\bin\vcruntime140_1.dll
0x00007ffd8d780000 - 0x00007ffd8d80d000 	c:\Users\admin\.vscode\extensions\redhat.java-1.32.0-win32-x64\jre\17.0.11-win32-x86_64\bin\msvcp140.dll
0x00007ffd7f1a0000 - 0x00007ffd7fe02000 	c:\Users\admin\.vscode\extensions\redhat.java-1.32.0-win32-x64\jre\17.0.11-win32-x86_64\bin\server\jvm.dll
0x00007ffe0d320000 - 0x00007ffe0d3ce000 	C:\WINDOWS\System32\ADVAPI32.dll
0x00007ffe0d170000 - 0x00007ffe0d20c000 	C:\WINDOWS\System32\sechost.dll
0x00007ffe0e180000 - 0x00007ffe0e2a6000 	C:\WINDOWS\System32\RPCRT4.dll
0x00007ffe0b0c0000 - 0x00007ffe0b10b000 	C:\WINDOWS\SYSTEM32\POWRPROF.dll
0x00007ffdf61a0000 - 0x00007ffdf61a9000 	C:\WINDOWS\SYSTEM32\WSOCK32.dll
0x00007ffe0d210000 - 0x00007ffe0d27b000 	C:\WINDOWS\System32\WS2_32.dll
0x00007ffe03680000 - 0x00007ffe036a7000 	C:\WINDOWS\SYSTEM32\WINMM.dll
0x00007ffe03fb0000 - 0x00007ffe03fba000 	C:\WINDOWS\SYSTEM32\VERSION.dll
0x00007ffe0af80000 - 0x00007ffe0af92000 	C:\WINDOWS\SYSTEM32\UMPDC.dll
0x00007ffe09a00000 - 0x00007ffe09a12000 	C:\WINDOWS\SYSTEM32\kernel.appcore.dll
0x00007ffde3390000 - 0x00007ffde339a000 	c:\Users\admin\.vscode\extensions\redhat.java-1.32.0-win32-x64\jre\17.0.11-win32-x86_64\bin\jimage.dll
0x00007ffdf8880000 - 0x00007ffdf8a64000 	C:\WINDOWS\SYSTEM32\DBGHELP.DLL
0x00007ffdf8800000 - 0x00007ffdf8834000 	C:\WINDOWS\SYSTEM32\dbgcore.DLL
0x00007ffe0bdb0000 - 0x00007ffe0be32000 	C:\WINDOWS\System32\bcryptPrimitives.dll
0x00007ffd93b10000 - 0x00007ffd93b35000 	c:\Users\admin\.vscode\extensions\redhat.java-1.32.0-win32-x64\jre\17.0.11-win32-x86_64\bin\java.dll
0x00007ffd95f40000 - 0x00007ffd95f58000 	c:\Users\admin\.vscode\extensions\redhat.java-1.32.0-win32-x64\jre\17.0.11-win32-x86_64\bin\zip.dll
0x00007ffe0c940000 - 0x00007ffe0d084000 	C:\WINDOWS\System32\SHELL32.dll
0x00007ffe09c00000 - 0x00007ffe0a393000 	C:\WINDOWS\SYSTEM32\windows.storage.dll
0x00007ffe0dc70000 - 0x00007ffe0dfc4000 	C:\WINDOWS\System32\combase.dll
0x00007ffe0b5a0000 - 0x00007ffe0b5ce000 	C:\WINDOWS\SYSTEM32\Wldp.dll
0x00007ffe0dbc0000 - 0x00007ffe0dc6d000 	C:\WINDOWS\System32\SHCORE.dll
0x00007ffe0e120000 - 0x00007ffe0e175000 	C:\WINDOWS\System32\shlwapi.dll
0x00007ffe0ba80000 - 0x00007ffe0ba9f000 	C:\WINDOWS\SYSTEM32\profapi.dll
0x00007ffddb2f0000 - 0x00007ffddb309000 	C:\Users\admin\.vscode\extensions\redhat.java-1.32.0-win32-x64\jre\17.0.11-win32-x86_64\bin\net.dll
0x00007ffe00280000 - 0x00007ffe0038a000 	C:\WINDOWS\SYSTEM32\WINHTTP.dll
0x00007ffe0b300000 - 0x00007ffe0b36a000 	C:\WINDOWS\system32\mswsock.dll
0x00007ffddb2d0000 - 0x00007ffddb2e6000 	C:\Users\admin\.vscode\extensions\redhat.java-1.32.0-win32-x64\jre\17.0.11-win32-x86_64\bin\nio.dll
0x00007ffde0ea0000 - 0x00007ffde0eb0000 	c:\Users\admin\.vscode\extensions\redhat.java-1.32.0-win32-x64\jre\17.0.11-win32-x86_64\bin\verify.dll
0x00007ffe0b4f0000 - 0x00007ffe0b508000 	C:\WINDOWS\SYSTEM32\CRYPTSP.dll
0x00007ffe0abb0000 - 0x00007ffe0abe4000 	C:\WINDOWS\system32\rsaenh.dll
0x00007ffe0bd80000 - 0x00007ffe0bda7000 	C:\WINDOWS\System32\bcrypt.dll
0x00007ffe0ba40000 - 0x00007ffe0ba6e000 	C:\WINDOWS\SYSTEM32\USERENV.dll
0x00007ffe0b510000 - 0x00007ffe0b51c000 	C:\WINDOWS\SYSTEM32\CRYPTBASE.dll
0x00007ffe0afa0000 - 0x00007ffe0afdc000 	C:\WINDOWS\SYSTEM32\IPHLPAPI.DLL
0x00007ffe0c4a0000 - 0x00007ffe0c4a8000 	C:\WINDOWS\System32\NSI.dll
0x00007ffe036e0000 - 0x00007ffe036f7000 	C:\WINDOWS\SYSTEM32\dhcpcsvc6.DLL
0x00007ffe026a0000 - 0x00007ffe026bd000 	C:\WINDOWS\SYSTEM32\dhcpcsvc.DLL
0x00007ffe0aff0000 - 0x00007ffe0b0bb000 	C:\WINDOWS\SYSTEM32\DNSAPI.dll
0x00007ffddcca0000 - 0x00007ffddcca9000 	C:\Users\admin\.vscode\extensions\redhat.java-1.32.0-win32-x64\jre\17.0.11-win32-x86_64\bin\management.dll
0x00007ffddb2c0000 - 0x00007ffddb2cb000 	C:\Users\admin\.vscode\extensions\redhat.java-1.32.0-win32-x64\jre\17.0.11-win32-x86_64\bin\management_ext.dll
0x00007ffe0c490000 - 0x00007ffe0c498000 	C:\WINDOWS\System32\PSAPI.DLL
0x00007ffd9ece0000 - 0x00007ffd9ecee000 	C:\Users\admin\.vscode\extensions\redhat.java-1.32.0-win32-x64\jre\17.0.11-win32-x86_64\bin\sunmscapi.dll
0x00007ffe0bbf0000 - 0x00007ffe0bd46000 	C:\WINDOWS\System32\CRYPT32.dll
0x00007ffe0b610000 - 0x00007ffe0b638000 	C:\WINDOWS\SYSTEM32\ncrypt.dll
0x00007ffe0b5d0000 - 0x00007ffe0b60b000 	C:\WINDOWS\SYSTEM32\NTASN1.dll
0x00007ffdf9f90000 - 0x00007ffdf9f9a000 	C:\Windows\System32\rasadhlp.dll
0x00007ffdfb090000 - 0x00007ffdfb110000 	C:\WINDOWS\System32\fwpuclnt.dll
0x00007ffdd6ab0000 - 0x00007ffdd6ab9000 	C:\Users\admin\.vscode\extensions\redhat.java-1.32.0-win32-x64\jre\17.0.11-win32-x86_64\bin\extnet.dll
0x00007ffdf0700000 - 0x00007ffdf0717000 	C:\WINDOWS\system32\napinsp.dll
0x00007ffdf05b0000 - 0x00007ffdf05cb000 	C:\WINDOWS\system32\pnrpnsp.dll
0x00007ffdef900000 - 0x00007ffdef915000 	C:\WINDOWS\system32\wshbth.dll
0x00007ffe078a0000 - 0x00007ffe078bd000 	C:\WINDOWS\system32\NLAapi.dll
0x00007ffdef7d0000 - 0x00007ffdef7e2000 	C:\WINDOWS\System32\winrnr.dll
0x00007ffd93bd0000 - 0x00007ffd93bd7000 	C:\Users\admin\.vscode\extensions\redhat.java-1.32.0-win32-x64\jre\17.0.11-win32-x86_64\bin\rmi.dll

dbghelp: loaded successfully - version: 4.0.5 - missing functions: none
symbol engine: initialized successfully - sym options: 0x614 - pdb path: .;c:\Users\admin\.vscode\extensions\redhat.java-1.32.0-win32-x64\jre\17.0.11-win32-x86_64\bin;C:\WINDOWS\SYSTEM32;C:\WINDOWS\WinSxS\amd64_microsoft.windows.common-controls_6595b64144ccf1df_6.0.19041.1110_none_60b5254171f9507e;c:\Users\admin\.vscode\extensions\redhat.java-1.32.0-win32-x64\jre\17.0.11-win32-x86_64\bin\server

VM Arguments:
jvm_args: -Xmx1024m -Dsts.lsp.client=vscode -Dsts.log.file=/dev/null -XX:TieredStopAtLevel=1 -Xlog:jni+resolve=off -Dspring.config.location=file:c:\Users\admin\.vscode\extensions\vmware.vscode-spring-boot-1.56.0\language-server\BOOT-INF\classes\application.properties 
java_command: org.springframework.ide.vscode.boot.app.BootLanguageServerBootApp
java_class_path (initial): c:\Users\admin\.vscode\extensions\vmware.vscode-spring-boot-1.56.0\language-server\BOOT-INF\classes;c:\Users\admin\.vscode\extensions\vmware.vscode-spring-boot-1.56.0\language-server\BOOT-INF\lib\annotations-24.1.0.jar;c:\Users\admin\.vscode\extensions\vmware.vscode-spring-boot-1.56.0\language-server\BOOT-INF\lib\antlr4-runtime-4.13.1.jar;c:\Users\admin\.vscode\extensions\vmware.vscode-spring-boot-1.56.0\language-server\BOOT-INF\lib\asm-9.7.jar;c:\Users\admin\.vscode\extensions\vmware.vscode-spring-boot-1.56.0\language-server\BOOT-INF\lib\asm-analysis-9.7.jar;c:\Users\admin\.vscode\extensions\vmware.vscode-spring-boot-1.56.0\language-server\BOOT-INF\lib\asm-tree-9.7.jar;c:\Users\admin\.vscode\extensions\vmware.vscode-spring-boot-1.56.0\language-server\BOOT-INF\lib\asm-util-9.7.jar;c:\Users\admin\.vscode\extensions\vmware.vscode-spring-boot-1.56.0\language-server\BOOT-INF\lib\caffeine-3.1.8.jar;c:\Users\admin\.vscode\extensions\vmware.vscode-spring-boot-1.56.0\language-server\BOOT-INF\lib\checker-qual-3.12.0.jar;c:\Users\admin\.vscode\extensions\vmware.vscode-spring-boot-1.56.0\language-server\BOOT-INF\lib\classgraph-4.8.149.jar;c:\Users\admin\.vscode\extensions\vmware.vscode-spring-boot-1.56.0\language-server\BOOT-INF\lib\commons-codec-1.16.1.jar;c:\Users\admin\.vscode\extensions\vmware.vscode-spring-boot-1.56.0\language-server\BOOT-INF\lib\commons-compress-1.26.2.jar;c:\Users\admin\.vscode\extensions\vmware.vscode-spring-boot-1.56.0\language-server\BOOT-INF\lib\commons-io-2.16.1.jar;c:\Users\admin\.vscode\extensions\vmware.vscode-spring-boot-1.56.0\language-server\BOOT-INF\lib\commons-java-1.56.0-SNAPSHOT.jar;c:\Users\admin\.vscode\extensions\vmware.vscode-spring-boot-1.56.0\language-server\BOOT-INF\lib\commons-lang3-3.14.0.jar;c:\Users\admin\.vscode\extensions\vmware.vscode-spring-boot-1.56.0\language-server\BOOT-INF\lib\commons-language-server-1.56.0-SNAPSHOT.jar;c:\Users\admin\.vscode\extensions\vmware.vscode-spring-boot-1.56.0\langu
Launcher Type: SUN_STANDARD

[Global flags]
     intx CICompilerCount                          = 3                                         {product} {ergonomic}
     uint ConcGCThreads                            = 1                                         {product} {ergonomic}
     uint G1ConcRefinementThreads                  = 4                                         {product} {ergonomic}
   size_t G1HeapRegionSize                         = 1048576                                   {product} {ergonomic}
    uintx GCDrainStackTargetSize                   = 64                                        {product} {ergonomic}
   size_t InitialHeapSize                          = 134217728                                 {product} {ergonomic}
   size_t MarkStackSize                            = 4194304                                   {product} {ergonomic}
   size_t MaxHeapSize                              = 1073741824                                {product} {command line}
   size_t MaxNewSize                               = 643825664                                 {product} {ergonomic}
   size_t MinHeapDeltaBytes                        = 1048576                                   {product} {ergonomic}
   size_t MinHeapSize                              = 8388608                                   {product} {ergonomic}
    uintx NonProfiledCodeHeapSize                  = 0                                      {pd product} {ergonomic}
     bool ProfileInterpreter                       = false                                  {pd product} {command line}
    uintx ProfiledCodeHeapSize                     = 0                                      {pd product} {ergonomic}
   size_t SoftMaxHeapSize                          = 1073741824                             {manageable} {ergonomic}
     intx TieredStopAtLevel                        = 1                                         {product} {command line}
     bool UseCompressedClassPointers               = true                           {product lp64_product} {ergonomic}
     bool UseCompressedOops                        = true                           {product lp64_product} {ergonomic}
     bool UseG1GC                                  = true                                      {product} {ergonomic}
     bool UseLargePagesIndividualAllocation        = false                                  {pd product} {ergonomic}

Logging:
Log output configuration:
 #0: stdout all=warning,jni+resolve=off uptime,level,tags
 #1: stderr all=off uptime,level,tags

Environment Variables:
JAVA_HOME=C:\Program Files\java\jdk-21
PATH='C:\Program Files\java\jdk-21\bin';C:\Program Files\java\jdk-21\bin
USERNAME=Rajkumar Shedage
OS=Windows_NT
PROCESSOR_IDENTIFIER=Intel64 Family 6 Model 69 Stepping 1, GenuineIntel
TMP=C:\Users\admin\AppData\Local\Temp
TEMP=C:\Users\admin\AppData\Local\Temp



Periodic native trim disabled


---------------  S Y S T E M  ---------------

OS:
 Windows 10 , 64 bit Build 19041 (10.0.19041.2788)
OS uptime: 1 days 14:50 hours

CPU: total 4 (initial active 4) (2 cores per cpu, 2 threads per core) family 6 model 69 stepping 1 microcode 0x25, cx8, cmov, fxsr, ht, mmx, sse, sse2, sse3, ssse3, sse4.1, sse4.2, popcnt, lzcnt, tsc, tscinvbit, avx, avx2, aes, erms, clmul, bmi1, bmi2, fma, vzeroupper, clflush
Processor Information for all 4 processors :
  Max Mhz: 2401, Current Mhz: 1400, Mhz Limit: 1680

Memory: 4k page, system-wide physical 8088M (949M free)
TotalPageFile size 11947M (AvailPageFile size 1830M)
current process WorkingSet (physical memory assigned to process): 299M, peak: 356M
current process commit charge ("private bytes"): 335M, peak: 413M

vm_info: OpenJDK 64-Bit Server VM (17.0.11+9) for windows-amd64 JRE (17.0.11+9), built on Apr 17 2024 06:07:48 by "admin" with MS VC++ 16.10 / 16.11 (VS2019)

END.
