#
# A fatal error has been detected by the Java Runtime Environment:
#
#  EXCEPTION_ACCESS_VIOLATION (0xc0000005) at pc=0x00007ffb5205b305, pid=17264, tid=2156
#
# JRE version: Java(TM) SE Runtime Environment (21.0.2+13) (build 21.0.2+13-LTS-58)
# Java VM: Java HotSpot(TM) 64-Bit Server VM (21.0.2+13-LTS-58, mixed mode, sharing, tiered, compressed oops, compressed class ptrs, g1 gc, windows-amd64)
# Problematic frame:
# V  [jvm.dll+0x31b305]
#
# No core dump will be written. Minidumps are not enabled by default on client versions of Windows
#
# If you would like to submit a bug report, please visit:
#   https://bugreport.java.com/bugreport/crash.jsp
#

---------------  S U M M A R Y ------------

Command Line: -XX:+ShowCodeDetailsInExceptionMessages -Dspring.jmx.enabled=true -Dmanagement.endpoints.jmx.exposure.include=* -Dspring.application.admin.enabled=true -Dspring.boot.project.name=scm2.0 -Djava.rmi.server.hostname=localhost -Dcom.sun.management.jmxremote.port=45556 -Dcom.sun.management.jmxremote.authenticate=false -Dcom.sun.management.jmxremote.ssl=false com.scm.scm20.Application

Host: Intel(R) Core(TM) i5-4210U CPU @ 1.70GHz, 4 cores, 7G,  Windows 10 , 64 bit Build 19041 (10.0.19041.2788)
Time: Wed Sep  4 18:03:59 2024 India Standard Time elapsed time: 231.337170 seconds (0d 0h 3m 51s)

---------------  T H R E A D  ---------------

Current thread (0x00000238aa772620):  WorkerThread "G1 Conc#0"      [id=2156, stack(0x0000008b00600000,0x0000008b00700000) (1024K)]

Stack: [0x0000008b00600000,0x0000008b00700000],  sp=0x0000008b006ff860,  free space=1022k
Native frames: (J=compiled Java code, j=interpreted, Vv=VM code, C=native code)
V  [jvm.dll+0x31b305]
V  [jvm.dll+0x31b19f]
V  [jvm.dll+0x31925d]
V  [jvm.dll+0x318752]
V  [jvm.dll+0x33403a]
V  [jvm.dll+0x332b7c]
V  [jvm.dll+0x33471c]
V  [jvm.dll+0x333449]
V  [jvm.dll+0x336ec6]
V  [jvm.dll+0x883eb7]
V  [jvm.dll+0x7ff568]
V  [jvm.dll+0x6c953d]
C  [ucrtbase.dll+0x21bb2]
C  [KERNEL32.DLL+0x17604]
C  [ntdll.dll+0x526a1]


siginfo: EXCEPTION_ACCESS_VIOLATION (0xc0000005), reading address 0x00000240aa731cc0


Registers:
RAX=0x00000238aa735d80, RBX=0x00000238aa774d60, RCX=0x0000000000000014, RDX=0x0000000000000000
RSP=0x0000008b006ff860, RBP=0x0000000000000000, RSI=0x00000238aa761530, RDI=0x0000000000000040
R8 =0x0000000000000040, R9 =0x00000000fffff7e8, R10=0x00000238a865cc20, R11=0x0000000000000004
R12=0x0000000000000000, R13=0xaaaaaaaaaaaaaaab, R14=0x0000000000000000, R15=0x0000008b006ffa00
RIP=0x00007ffb5205b305, EFLAGS=0x0000000000010a06


Register to memory mapping:

RAX=0x00000238aa735d80 points into unknown readable memory: 0x00000238aa786ba0 | a0 6b 78 aa 38 02 00 00
RBX=0x00000238aa774d60 points into unknown readable memory: 0x00007ffb527129a8 | a8 29 71 52 fb 7f 00 00
RCX=0x0000000000000014 is an unknown value
RDX=0x0 is null
RSP=0x0000008b006ff860 points into unknown readable memory: 0x0000a78d2af0af13 | 13 af f0 2a 8d a7 00 00
RBP=0x0 is null
RSI=0x00000238aa761530 points into unknown readable memory: 0x00000238aa771b20 | 20 1b 77 aa 38 02 00 00
RDI=0x0000000000000040 is an unknown value
R8 =0x0000000000000040 is an unknown value
R9 =0x00000000fffff7e8 is an unallocated location in the heap
R10=0x00000238a865cc20 points into unknown readable memory: 0x00007ffb527110b0 | b0 10 71 52 fb 7f 00 00
R11=0x0000000000000004 is an unknown value
R12=0x0 is null
R13=0xaaaaaaaaaaaaaaab is an unknown value
R14=0x0 is null
R15=0x0000008b006ffa00 points into unknown readable memory: 0x00000238aa761530 | 30 15 76 aa 38 02 00 00

Top of Stack: (sp=0x0000008b006ff860)
0x0000008b006ff860:   0000a78d2af0af13 0000008b006ff900
0x0000008b006ff870:   00000000831a7fc0 00007ffb5205b19f
0x0000008b006ff880:   0000000000000040 00007ffb5205b19f
0x0000008b006ff890:   00000238aa774d60 0000008b006ffa40
0x0000008b006ff8a0:   00000000831a8050 00007ffb52058b0d
0x0000008b006ff8b0:   0000008b006ffa40 00007ffb5205925d
0x0000008b006ff8c0:   00000000831a8004 0000000000000000
0x0000008b006ff8d0:   0000008b006ffa00 0000000000000000
0x0000008b006ff8e0:   00000238c717c618 00007ffb52058752
0x0000008b006ff8f0:   0000000000000012 00000000831a7fc0
0x0000008b006ff900:   0000008b006ffa40 0000000000000000
0x0000008b006ff910:   00000000831a7fc0 00007ffb5207403a
0x0000008b006ff920:   00000238aa774d60 0000000000000040
0x0000008b006ff930:   00000000000000a2 00007ffb52076380
0x0000008b006ff940:   0000000000000001 000000008345bc30
0x0000008b006ff950:   0000008b006ffa00 00000238aa761540
0x0000008b006ff960:   000000000038b786 00007ffb52072b7c
0x0000008b006ff970:   000000000038b786 0000000000000002
0x0000008b006ff980:   00000000831a7fc0 00007ffb5207403a
0x0000008b006ff990:   00000000003a0000 00007ffb5207471c
0x0000008b006ff9a0:   000000008345bbe0 000000000038b786
0x0000008b006ff9b0:   0000000000d1cef0 0000000000000000
0x0000008b006ff9c0:   00000238aa7729d0 0000000000000001
0x0000008b006ff9d0:   00000238aa774d60 00007ffb52073449
0x0000008b006ff9e0:   00000238aa774df8 0000000000000000
0x0000008b006ff9f0:   0000008b005ffa01 0000000000000000
0x0000008b006ffa00:   00000238aa761530 00000238aa774d60
0x0000008b006ffa10:   0000000083400000 0000000000020000
0x0000008b006ffa20:   0000000083400000 0000000000020000
0x0000008b006ffa30:   0000000000000000 0000000000bebc20
0x0000008b006ffa40:   00007ffb527129c8 00000238aa77e100
0x0000008b006ffa50:   0000008b00000003 00000238a865cc20 

Instructions: (pc=0x00007ffb5205b305)
0x00007ffb5205b205:   05 75 35 48 8b 83 a8 00 00 00 48 39 83 a0 00 00
0x00007ffb5205b215:   00 73 10 48 8b 83 c0 00 00 00 48 39 83 b8 00 00
0x00007ffb5205b225:   00 72 7f 48 8b cb e8 20 a3 01 00 b0 01 48 8b 5c
0x00007ffb5205b235:   24 30 48 83 c4 20 5f c3 48 8b 53 30 44 8b 82 80
0x00007ffb5205b245:   00 00 00 8b 82 00 01 00 00 41 8b c8 2b c8 81 e1
0x00007ffb5205b255:   ff ff 01 00 81 f9 fe ff 01 00 72 2c 48 8b cb e8
0x00007ffb5205b265:   a7 96 01 00 48 8b 53 30 44 8b 82 80 00 00 00 8b
0x00007ffb5205b275:   82 00 01 00 00 41 8b c8 2b c8 81 e1 ff ff 01 00
0x00007ffb5205b285:   81 f9 fe ff 01 00 73 1a 48 8b 82 80 01 00 00 4a
0x00007ffb5205b295:   89 3c c0 41 8d 40 01 25 ff ff 01 00 89 82 80 00
0x00007ffb5205b2a5:   00 00 48 8b 5c 24 30 b0 01 48 83 c4 20 5f c3 cc
0x00007ffb5205b2b5:   cc cc cc cc cc cc cc cc cc cc cc 48 89 6c 24 10
0x00007ffb5205b2c5:   48 89 74 24 18 57 48 83 ec 20 4c 8b 51 08 48 8b
0x00007ffb5205b2d5:   f1 4d 8b c8 8b ea 49 8b f8 41 8b 8a 18 02 00 00
0x00007ffb5205b2e5:   49 8b 82 10 02 00 00 48 d3 e0 8b 0d 1b 9b 90 00
0x00007ffb5205b2f5:   4c 2b c8 49 8b 82 f8 01 00 00 49 d3 e9 45 8b c9
0x00007ffb5205b305:   4a 8b 04 c8 48 8b 40 60 4c 3b c0 72 12 32 c0 48
0x00007ffb5205b315:   8b 6c 24 38 48 8b 74 24 40 48 83 c4 20 5f c3 48
0x00007ffb5205b325:   8b 46 10 48 8d 4e 10 48 8b d7 48 89 5c 24 30 ff
0x00007ffb5205b335:   10 8b 4e 28 48 8b d7 48 2b 56 18 48 8b 46 30 48
0x00007ffb5205b345:   c1 ea 03 48 d3 ea 48 8b ca 48 c1 e9 06 4c 8d 04
0x00007ffb5205b355:   c8 0f b6 ca 49 8b 00 80 e1 3f ba 01 00 00 00 48
0x00007ffb5205b365:   d3 e2 48 8b c8 48 0b ca 48 3b c8 74 12 f0 49 0f
0x00007ffb5205b375:   b1 08 74 25 48 8b c8 48 0b ca 48 3b c8 75 ee 32
0x00007ffb5205b385:   db 48 8b 6c 24 38 0f b6 c3 48 8b 5c 24 30 48 8b
0x00007ffb5205b395:   74 24 40 48 83 c4 20 5f c3 80 3d 79 21 8a 00 00
0x00007ffb5205b3a5:   b3 01 74 15 8b 57 08 8b 0d c6 0b 8a 00 48 d3 e2
0x00007ffb5205b3b5:   48 03 15 b4 0b 8a 00 eb 04 48 8b 57 08 48 8b cf
0x00007ffb5205b3c5:   e8 86 2f e2 ff 48 8b 8e b8 02 00 00 4c 8b d8 4c
0x00007ffb5205b3d5:   8b 0c e9 49 8b 51 18 8b 8a 18 02 00 00 4c 8b 82
0x00007ffb5205b3e5:   10 02 00 00 41 8b 51 60 49 d3 e0 8b 0d 1a 9a 90
0x00007ffb5205b3f5:   00 49 2b f8 48 d3 ef 44 8b d7 49 23 d2 48 c1 e2 


Stack slot to memory mapping:

stack at sp + 0 slots: 0x0000a78d2af0af13 is an unknown value
stack at sp + 1 slots: 0x0000008b006ff900 points into unknown readable memory: 0x0000008b006ffa40 | 40 fa 6f 00 8b 00 00 00
stack at sp + 2 slots: 0x00000000831a7fc0 is an oop: [Ljava.util.concurrent.ConcurrentHashMap$Node; 
{0x00000000831a7fc0} - klass: 'java/util/concurrent/ConcurrentHashMap$Node'[]
 - length: 32
stack at sp + 3 slots: 0x00007ffb5205b19f jvm.dll
stack at sp + 4 slots: 0x0000000000000040 is an unknown value
stack at sp + 5 slots: 0x00007ffb5205b19f jvm.dll
stack at sp + 6 slots: 0x00000238aa774d60 points into unknown readable memory: 0x00007ffb527129a8 | a8 29 71 52 fb 7f 00 00
stack at sp + 7 slots: 0x0000008b006ffa40 points into unknown readable memory: 0x00007ffb527129c8 | c8 29 71 52 fb 7f 00 00


---------------  P R O C E S S  ---------------

Threads class SMR info:
_java_thread_list=0x000002391176bc70, length=36, elements={
0x00000238c67e0a20, 0x00000238c67e1940, 0x00000238c67e3710, 0x00000238c67e6280,
0x00000238c67e6ce0, 0x00000238c67e7740, 0x00000238c67e84d0, 0x00000238c6806180,
0x00000238c67a8cf0, 0x00000238c6af3c50, 0x000002390c2e88e0, 0x000002390c3a0ba0,
0x000002390c4d0700, 0x000002390c761490, 0x000002390cb42350, 0x000002390cb3eed0,
0x000002390cb41cc0, 0x000002390cb40280, 0x000002390cb40910, 0x000002390cb3f560,
0x000002390cb3fbf0, 0x000002390d743cc0, 0x000002390d744350, 0x000002390d7449e0,
0x000002390d745d90, 0x000002390d742910, 0x000002390d745070, 0x000002391057c500,
0x0000023910579080, 0x0000023910579710, 0x000002391057aac0, 0x000002391057b150,
0x000002391057b7e0, 0x000002391057be70, 0x0000023910579da0, 0x000002391057a430
}

Java Threads: ( => current thread )
  0x00000238c67e0a20 JavaThread "Reference Handler"          daemon [_thread_blocked, id=15616, stack(0x0000008b00b00000,0x0000008b00c00000) (1024K)]
  0x00000238c67e1940 JavaThread "Finalizer"                  daemon [_thread_blocked, id=14136, stack(0x0000008b00c00000,0x0000008b00d00000) (1024K)]
  0x00000238c67e3710 JavaThread "Signal Dispatcher"          daemon [_thread_blocked, id=18984, stack(0x0000008b00d00000,0x0000008b00e00000) (1024K)]
  0x00000238c67e6280 JavaThread "Attach Listener"            daemon [_thread_blocked, id=7776, stack(0x0000008b00e00000,0x0000008b00f00000) (1024K)]
  0x00000238c67e6ce0 JavaThread "Service Thread"             daemon [_thread_blocked, id=5556, stack(0x0000008b00f00000,0x0000008b01000000) (1024K)]
  0x00000238c67e7740 JavaThread "Monitor Deflation Thread"   daemon [_thread_blocked, id=18848, stack(0x0000008b01000000,0x0000008b01100000) (1024K)]
  0x00000238c67e84d0 JavaThread "C2 CompilerThread0"         daemon [_thread_blocked, id=11276, stack(0x0000008b01100000,0x0000008b01200000) (1024K)]
  0x00000238c6806180 JavaThread "C1 CompilerThread0"         daemon [_thread_blocked, id=5680, stack(0x0000008b01200000,0x0000008b01300000) (1024K)]
  0x00000238c67a8cf0 JavaThread "Common-Cleaner"             daemon [_thread_blocked, id=19264, stack(0x0000008b01300000,0x0000008b01400000) (1024K)]
  0x00000238c6af3c50 JavaThread "Notification Thread"        daemon [_thread_blocked, id=11164, stack(0x0000008b01400000,0x0000008b01500000) (1024K)]
  0x000002390c2e88e0 JavaThread "RMI TCP Accept-0"           daemon [_thread_in_native, id=4912, stack(0x0000008b01900000,0x0000008b01a00000) (1024K)]
  0x000002390c3a0ba0 JavaThread "RMI TCP Accept-45556"       daemon [_thread_in_native, id=10296, stack(0x0000008b01a00000,0x0000008b01b00000) (1024K)]
  0x000002390c4d0700 JavaThread "RMI TCP Accept-0"           daemon [_thread_in_native, id=17004, stack(0x0000008b01b00000,0x0000008b01c00000) (1024K)]
  0x000002390c761490 JavaThread "RMI Scheduler(0)"           daemon [_thread_blocked, id=18988, stack(0x0000008b01f00000,0x0000008b02000000) (1024K)]
  0x000002390cb42350 JavaThread "JMX server connection timeout 33" daemon [_thread_blocked, id=3188, stack(0x0000008b02000000,0x0000008b02100000) (1024K)]
  0x000002390cb3eed0 JavaThread "RMI TCP Connection(3)-127.0.0.1" daemon [_thread_in_native, id=19092, stack(0x0000008b02300000,0x0000008b02400000) (1024K)]
  0x000002390cb41cc0 JavaThread "Catalina-utility-1"                [_thread_blocked, id=10876, stack(0x0000008b02500000,0x0000008b02600000) (1024K)]
  0x000002390cb40280 JavaThread "Catalina-utility-2"                [_thread_blocked, id=18736, stack(0x0000008b02600000,0x0000008b02700000) (1024K)]
  0x000002390cb40910 JavaThread "container-0"                       [_thread_blocked, id=9604, stack(0x0000008b02700000,0x0000008b02800000) (1024K)]
  0x000002390cb3f560 JavaThread "mysql-cj-abandoned-connection-cleanup" daemon [_thread_blocked, id=17048, stack(0x0000008b02800000,0x0000008b02900000) (1024K)]
  0x000002390cb3fbf0 JavaThread "HikariPool-1 housekeeper"   daemon [_thread_blocked, id=11828, stack(0x0000008b02a00000,0x0000008b02b00000) (1024K)]
  0x000002390d743cc0 JavaThread "File Watcher"               daemon [_thread_blocked, id=4808, stack(0x0000008b00000000,0x0000008b00100000) (1024K)]
  0x000002390d744350 JavaThread "Live Reload Server"         daemon [_thread_in_native, id=8792, stack(0x0000008b00200000,0x0000008b00300000) (1024K)]
  0x000002390d7449e0 JavaThread "http-nio-4545-exec-1"       daemon [_thread_blocked, id=12736, stack(0x0000008b00100000,0x0000008b00200000) (1024K)]
  0x000002390d745d90 JavaThread "http-nio-4545-exec-2"       daemon [_thread_in_vm, id=8336, stack(0x0000008b02b00000,0x0000008b02c00000) (1024K)]
  0x000002390d742910 JavaThread "http-nio-4545-exec-3"       daemon [_thread_blocked, id=11872, stack(0x0000008b02c00000,0x0000008b02d00000) (1024K)]
  0x000002390d745070 JavaThread "http-nio-4545-exec-4"       daemon [_thread_blocked, id=3304, stack(0x0000008b02d00000,0x0000008b02e00000) (1024K)]
  0x000002391057c500 JavaThread "http-nio-4545-exec-5"       daemon [_thread_blocked, id=15016, stack(0x0000008b02e00000,0x0000008b02f00000) (1024K)]
  0x0000023910579080 JavaThread "http-nio-4545-exec-6"       daemon [_thread_blocked, id=18920, stack(0x0000008b02f00000,0x0000008b03000000) (1024K)]
  0x0000023910579710 JavaThread "http-nio-4545-exec-7"       daemon [_thread_blocked, id=19064, stack(0x0000008b03000000,0x0000008b03100000) (1024K)]
  0x000002391057aac0 JavaThread "http-nio-4545-exec-8"       daemon [_thread_blocked, id=16524, stack(0x0000008b03100000,0x0000008b03200000) (1024K)]
  0x000002391057b150 JavaThread "http-nio-4545-exec-9"       daemon [_thread_blocked, id=12396, stack(0x0000008b03200000,0x0000008b03300000) (1024K)]
  0x000002391057b7e0 JavaThread "http-nio-4545-exec-10"      daemon [_thread_blocked, id=7944, stack(0x0000008b03300000,0x0000008b03400000) (1024K)]
  0x000002391057be70 JavaThread "http-nio-4545-Poller"       daemon [_thread_in_native, id=6452, stack(0x0000008b03400000,0x0000008b03500000) (1024K)]
  0x0000023910579da0 JavaThread "http-nio-4545-Acceptor"     daemon [_thread_in_native, id=4528, stack(0x0000008b03500000,0x0000008b03600000) (1024K)]
  0x000002391057a430 JavaThread "DestroyJavaVM"                     [_thread_blocked, id=14148, stack(0x0000008b00300000,0x0000008b00400000) (1024K)]
Total: 36

Other Threads:
  0x00000238c67bd000 VMThread "VM Thread"                           [id=3120, stack(0x0000008b00a00000,0x0000008b00b00000) (1024K)]
  0x00000238c67a7ef0 WatcherThread "VM Periodic Task Thread"        [id=16372, stack(0x0000008b00900000,0x0000008b00a00000) (1024K)]
  0x00000238aa760e40 WorkerThread "GC Thread#0"                     [id=16056, stack(0x0000008b00400000,0x0000008b00500000) (1024K)]
  0x000002390c4cbb90 WorkerThread "GC Thread#1"                     [id=14884, stack(0x0000008b01600000,0x0000008b01700000) (1024K)]
  0x000002390c4cdf40 WorkerThread "GC Thread#2"                     [id=19348, stack(0x0000008b01700000,0x0000008b01800000) (1024K)]
  0x000002390c4d9600 WorkerThread "GC Thread#3"                     [id=4988, stack(0x0000008b01800000,0x0000008b01900000) (1024K)]
  0x00000238aa771b20 ConcurrentGCThread "G1 Main Marker"            [id=12484, stack(0x0000008b00500000,0x0000008b00600000) (1024K)]
=>0x00000238aa772620 WorkerThread "G1 Conc#0"                       [id=2156, stack(0x0000008b00600000,0x0000008b00700000) (1024K)]
  0x00000238c66650d0 ConcurrentGCThread "G1 Refine#0"               [id=1096, stack(0x0000008b00700000,0x0000008b00800000) (1024K)]
  0x00000238c6666900 ConcurrentGCThread "G1 Service"                [id=17976, stack(0x0000008b00800000,0x0000008b00900000) (1024K)]
Total: 10

Threads with active compile tasks:
Total: 0

VM state: not at safepoint (normal execution)

VM Mutex/Monitor currently owned by a thread: None

Heap address: 0x0000000081800000, size: 2024 MB, Compressed Oops mode: 32-bit

CDS archive(s) mapped at: [0x00000238c7000000-0x00000238c7c90000-0x00000238c7c90000), size 13172736, SharedBaseAddress: 0x00000238c7000000, ArchiveRelocationMode: 1.
Compressed class space mapped at: 0x00000238c8000000-0x0000023908000000, reserved size: 1073741824
Narrow klass base: 0x00000238c7000000, Narrow klass shift: 0, Narrow klass range: 0x100000000

GC Precious Log:
 CardTable entry size: 512
 Card Set container configuration: InlinePtr #cards 5 size 8 Array Of Cards #cards 12 size 40 Howl #buckets 4 coarsen threshold 1843 Howl Bitmap #cards 512 size 80 coarsen threshold 460 Card regions per heap region 1 cards per card region 2048
 CPUs: 4 total, 4 available
 Memory: 8088M
 Large Page Support: Disabled
 NUMA Support: Disabled
 Compressed Oops: Enabled (32-bit)
 Heap Region Size: 1M
 Heap Min Capacity: 8M
 Heap Initial Capacity: 128M
 Heap Max Capacity: 2024M
 Pre-touch: Disabled
 Parallel Workers: 4
 Concurrent Workers: 1
 Concurrent Refinement Workers: 4
 Periodic GC: Disabled

Heap:
 garbage-first heap   total 79872K, used 45206K [0x0000000081800000, 0x0000000100000000)
  region size 1024K, 7 young (7168K), 1 survivors (1024K)
 Metaspace       used 81928K, committed 82816K, reserved 1179648K
  class space    used 10998K, committed 11392K, reserved 1048576K

Heap Regions: E=young(eden), S=young(survivor), O=old, HS=humongous(starts), HC=humongous(continues), CS=collection set, F=free, TAMS=top-at-mark-start, PB=parsable bottom
|   0|0x0000000081800000, 0x0000000081900000, 0x0000000081900000|100%|HS|  |TAMS 0x0000000081900000| PB 0x0000000081800000| Complete 
|   1|0x0000000081900000, 0x0000000081a00000, 0x0000000081a00000|100%| O|  |TAMS 0x0000000081a00000| PB 0x0000000081900000| Untracked 
|   2|0x0000000081a00000, 0x0000000081b00000, 0x0000000081b00000|100%| O|  |TAMS 0x0000000081b00000| PB 0x0000000081a00000| Untracked 
|   3|0x0000000081b00000, 0x0000000081c00000, 0x0000000081c00000|100%| O|  |TAMS 0x0000000081c00000| PB 0x0000000081b00000| Untracked 
|   4|0x0000000081c00000, 0x0000000081d00000, 0x0000000081d00000|100%| O|  |TAMS 0x0000000081d00000| PB 0x0000000081c00000| Untracked 
|   5|0x0000000081d00000, 0x0000000081e00000, 0x0000000081e00000|100%| O|  |TAMS 0x0000000081e00000| PB 0x0000000081d00000| Untracked 
|   6|0x0000000081e00000, 0x0000000081f00000, 0x0000000081f00000|100%| O|  |TAMS 0x0000000081f00000| PB 0x0000000081e00000| Untracked 
|   7|0x0000000081f00000, 0x0000000082000000, 0x0000000082000000|100%| O|  |TAMS 0x0000000082000000| PB 0x0000000081f00000| Untracked 
|   8|0x0000000082000000, 0x0000000082100000, 0x0000000082100000|100%| O|  |TAMS 0x0000000082100000| PB 0x0000000082000000| Untracked 
|   9|0x0000000082100000, 0x0000000082200000, 0x0000000082200000|100%| O|  |TAMS 0x0000000082200000| PB 0x0000000082100000| Untracked 
|  10|0x0000000082200000, 0x0000000082300000, 0x0000000082300000|100%| O|  |TAMS 0x0000000082300000| PB 0x0000000082200000| Untracked 
|  11|0x0000000082300000, 0x0000000082400000, 0x0000000082400000|100%| O|  |TAMS 0x0000000082400000| PB 0x0000000082300000| Untracked 
|  12|0x0000000082400000, 0x0000000082500000, 0x0000000082500000|100%| O|  |TAMS 0x0000000082500000| PB 0x0000000082400000| Untracked 
|  13|0x0000000082500000, 0x0000000082600000, 0x0000000082600000|100%| O|  |TAMS 0x0000000082500000| PB 0x0000000082500000| Untracked 
|  14|0x0000000082600000, 0x0000000082700000, 0x0000000082700000|100%| O|  |TAMS 0x0000000082700000| PB 0x0000000082600000| Untracked 
|  15|0x0000000082700000, 0x0000000082800000, 0x0000000082800000|100%| O|  |TAMS 0x0000000082800000| PB 0x0000000082700000| Untracked 
|  16|0x0000000082800000, 0x0000000082900000, 0x0000000082900000|100%| O|  |TAMS 0x0000000082900000| PB 0x0000000082800000| Untracked 
|  17|0x0000000082900000, 0x0000000082a00000, 0x0000000082a00000|100%| O|  |TAMS 0x0000000082a00000| PB 0x0000000082900000| Untracked 
|  18|0x0000000082a00000, 0x0000000082b00000, 0x0000000082b00000|100%| O|  |TAMS 0x0000000082b00000| PB 0x0000000082a00000| Untracked 
|  19|0x0000000082b00000, 0x0000000082c00000, 0x0000000082c00000|100%| O|  |TAMS 0x0000000082b00000| PB 0x0000000082b00000| Untracked 
|  20|0x0000000082c00000, 0x0000000082d00000, 0x0000000082d00000|100%| O|  |TAMS 0x0000000082d00000| PB 0x0000000082c00000| Untracked 
|  21|0x0000000082d00000, 0x0000000082e00000, 0x0000000082e00000|100%| O|  |TAMS 0x0000000082e00000| PB 0x0000000082d00000| Untracked 
|  22|0x0000000082e00000, 0x0000000082f00000, 0x0000000082f00000|100%| O|  |TAMS 0x0000000082f00000| PB 0x0000000082e00000| Untracked 
|  23|0x0000000082f00000, 0x0000000083000000, 0x0000000083000000|100%| O|  |TAMS 0x0000000083000000| PB 0x0000000082f00000| Untracked 
|  24|0x0000000083000000, 0x0000000083100000, 0x0000000083100000|100%| O|  |TAMS 0x0000000083100000| PB 0x0000000083000000| Untracked 
|  25|0x0000000083100000, 0x0000000083200000, 0x0000000083200000|100%| O|  |TAMS 0x0000000083200000| PB 0x0000000083100000| Untracked 
|  26|0x0000000083200000, 0x0000000083300000, 0x0000000083300000|100%| O|  |TAMS 0x0000000083300000| PB 0x0000000083200000| Untracked 
|  27|0x0000000083300000, 0x0000000083400000, 0x0000000083400000|100%| O|  |TAMS 0x0000000083400000| PB 0x0000000083300000| Untracked 
|  28|0x0000000083400000, 0x0000000083500000, 0x0000000083500000|100%| O|  |TAMS 0x0000000083500000| PB 0x0000000083400000| Untracked 
|  29|0x0000000083500000, 0x0000000083600000, 0x0000000083600000|100%| O|  |TAMS 0x0000000083600000| PB 0x0000000083500000| Untracked 
|  30|0x0000000083600000, 0x0000000083700000, 0x0000000083700000|100%| O|  |TAMS 0x0000000083700000| PB 0x0000000083600000| Untracked 
|  31|0x0000000083700000, 0x0000000083800000, 0x0000000083800000|100%| O|  |TAMS 0x0000000083800000| PB 0x0000000083700000| Untracked 
|  32|0x0000000083800000, 0x0000000083900000, 0x0000000083900000|100%| O|  |TAMS 0x0000000083900000| PB 0x0000000083800000| Untracked 
|  33|0x0000000083900000, 0x0000000083a00000, 0x0000000083a00000|100%| O|  |TAMS 0x0000000083a00000| PB 0x0000000083900000| Untracked 
|  34|0x0000000083a00000, 0x0000000083b00000, 0x0000000083b00000|100%| O|  |TAMS 0x0000000083b00000| PB 0x0000000083a00000| Untracked 
|  35|0x0000000083b00000, 0x0000000083c00000, 0x0000000083c00000|100%| O|  |TAMS 0x0000000083c00000| PB 0x0000000083b00000| Untracked 
|  36|0x0000000083c00000, 0x0000000083d00000, 0x0000000083d00000|100%| O|  |TAMS 0x0000000083d00000| PB 0x0000000083c00000| Untracked 
|  37|0x0000000083d00000, 0x0000000083e00000, 0x0000000083e00000|100%| O|  |TAMS 0x0000000083d63f20| PB 0x0000000083d00000| Untracked 
|  38|0x0000000083e00000, 0x0000000083e00000, 0x0000000083f00000|  0%| F|  |TAMS 0x0000000083e00000| PB 0x0000000083e00000| Untracked 
|  39|0x0000000083f00000, 0x0000000083f00000, 0x0000000084000000|  0%| F|  |TAMS 0x0000000083f00000| PB 0x0000000083f00000| Untracked 
|  40|0x0000000084000000, 0x0000000084000000, 0x0000000084100000|  0%| F|  |TAMS 0x0000000084000000| PB 0x0000000084000000| Untracked 
|  41|0x0000000084100000, 0x000000008413aaa0, 0x0000000084200000| 22%| O|  |TAMS 0x0000000084100000| PB 0x0000000084100000| Untracked 
|  42|0x0000000084200000, 0x0000000084200000, 0x0000000084300000|  0%| F|  |TAMS 0x0000000084200000| PB 0x0000000084200000| Untracked 
|  43|0x0000000084300000, 0x0000000084300000, 0x0000000084400000|  0%| F|  |TAMS 0x0000000084300000| PB 0x0000000084300000| Untracked 
|  44|0x0000000084400000, 0x0000000084400000, 0x0000000084500000|  0%| F|  |TAMS 0x0000000084400000| PB 0x0000000084400000| Untracked 
|  45|0x0000000084500000, 0x00000000845eae00, 0x0000000084600000| 91%| S|CS|TAMS 0x0000000084500000| PB 0x0000000084500000| Complete 
|  46|0x0000000084600000, 0x0000000084600000, 0x0000000084700000|  0%| F|  |TAMS 0x0000000084600000| PB 0x0000000084600000| Untracked 
|  47|0x0000000084700000, 0x0000000084700000, 0x0000000084800000|  0%| F|  |TAMS 0x0000000084700000| PB 0x0000000084700000| Untracked 
|  48|0x0000000084800000, 0x0000000084800000, 0x0000000084900000|  0%| F|  |TAMS 0x0000000084800000| PB 0x0000000084800000| Untracked 
|  49|0x0000000084900000, 0x0000000084900000, 0x0000000084a00000|  0%| F|  |TAMS 0x0000000084900000| PB 0x0000000084900000| Untracked 
|  50|0x0000000084a00000, 0x0000000084a00000, 0x0000000084b00000|  0%| F|  |TAMS 0x0000000084a00000| PB 0x0000000084a00000| Untracked 
|  51|0x0000000084b00000, 0x0000000084b00000, 0x0000000084c00000|  0%| F|  |TAMS 0x0000000084b00000| PB 0x0000000084b00000| Untracked 
|  52|0x0000000084c00000, 0x0000000084c00000, 0x0000000084d00000|  0%| F|  |TAMS 0x0000000084c00000| PB 0x0000000084c00000| Untracked 
|  53|0x0000000084d00000, 0x0000000084d00000, 0x0000000084e00000|  0%| F|  |TAMS 0x0000000084d00000| PB 0x0000000084d00000| Untracked 
|  54|0x0000000084e00000, 0x0000000084e00000, 0x0000000084f00000|  0%| F|  |TAMS 0x0000000084e00000| PB 0x0000000084e00000| Untracked 
|  55|0x0000000084f00000, 0x0000000084f00000, 0x0000000085000000|  0%| F|  |TAMS 0x0000000084f00000| PB 0x0000000084f00000| Untracked 
|  56|0x0000000085000000, 0x0000000085000000, 0x0000000085100000|  0%| F|  |TAMS 0x0000000085000000| PB 0x0000000085000000| Untracked 
|  57|0x0000000085100000, 0x0000000085100000, 0x0000000085200000|  0%| F|  |TAMS 0x0000000085100000| PB 0x0000000085100000| Untracked 
|  58|0x0000000085200000, 0x0000000085200000, 0x0000000085300000|  0%| F|  |TAMS 0x0000000085200000| PB 0x0000000085200000| Untracked 
|  59|0x0000000085300000, 0x0000000085300000, 0x0000000085400000|  0%| F|  |TAMS 0x0000000085300000| PB 0x0000000085300000| Untracked 
|  60|0x0000000085400000, 0x0000000085400000, 0x0000000085500000|  0%| F|  |TAMS 0x0000000085400000| PB 0x0000000085400000| Untracked 
|  61|0x0000000085500000, 0x0000000085500000, 0x0000000085600000|  0%| F|  |TAMS 0x0000000085500000| PB 0x0000000085500000| Untracked 
|  62|0x0000000085600000, 0x0000000085600000, 0x0000000085700000|  0%| F|  |TAMS 0x0000000085600000| PB 0x0000000085600000| Untracked 
|  63|0x0000000085700000, 0x0000000085700000, 0x0000000085800000|  0%| F|  |TAMS 0x0000000085700000| PB 0x0000000085700000| Untracked 
|  64|0x0000000085800000, 0x0000000085800000, 0x0000000085900000|  0%| F|  |TAMS 0x0000000085800000| PB 0x0000000085800000| Untracked 
|  65|0x0000000085900000, 0x0000000085900000, 0x0000000085a00000|  0%| F|  |TAMS 0x0000000085900000| PB 0x0000000085900000| Untracked 
|  66|0x0000000085a00000, 0x0000000085a00000, 0x0000000085b00000|  0%| F|  |TAMS 0x0000000085a00000| PB 0x0000000085a00000| Untracked 
|  67|0x0000000085b00000, 0x0000000085b00000, 0x0000000085c00000|  0%| F|  |TAMS 0x0000000085b00000| PB 0x0000000085b00000| Untracked 
|  68|0x0000000085c00000, 0x0000000085c00000, 0x0000000085d00000|  0%| F|  |TAMS 0x0000000085c00000| PB 0x0000000085c00000| Untracked 
|  69|0x0000000085d00000, 0x0000000085d00000, 0x0000000085e00000|  0%| F|  |TAMS 0x0000000085d00000| PB 0x0000000085d00000| Untracked 
|  71|0x0000000085f00000, 0x0000000085f00000, 0x0000000086000000|  0%| F|  |TAMS 0x0000000085f00000| PB 0x0000000085f00000| Untracked 
|  72|0x0000000086000000, 0x0000000086000000, 0x0000000086100000|  0%| F|  |TAMS 0x0000000086000000| PB 0x0000000086000000| Untracked 
|  73|0x0000000086100000, 0x00000000861593b0, 0x0000000086200000| 34%| E|  |TAMS 0x0000000086100000| PB 0x0000000086100000| Complete 
|  74|0x0000000086200000, 0x0000000086300000, 0x0000000086300000|100%| E|CS|TAMS 0x0000000086200000| PB 0x0000000086200000| Complete 
|  75|0x0000000086300000, 0x0000000086400000, 0x0000000086400000|100%| E|CS|TAMS 0x0000000086300000| PB 0x0000000086300000| Complete 
|  76|0x0000000086400000, 0x0000000086500000, 0x0000000086500000|100%| E|CS|TAMS 0x0000000086400000| PB 0x0000000086400000| Complete 
| 126|0x0000000089600000, 0x0000000089700000, 0x0000000089700000|100%| E|CS|TAMS 0x0000000089600000| PB 0x0000000089600000| Complete 
| 127|0x0000000089700000, 0x0000000089800000, 0x0000000089800000|100%| E|CS|TAMS 0x0000000089700000| PB 0x0000000089700000| Complete 

Card table byte_map: [0x00000238c1f70000,0x00000238c2370000] _byte_map_base: 0x00000238c1b64000

Marking Bits: (CMBitMap*) 0x00000238aa761540
 Bits: [0x00000238c2370000, 0x00000238c4310000)

Polling page: 0x00000238a8590000

Metaspace:

Usage:
  Non-class:     69.29 MB used.
      Class:     10.74 MB used.
       Both:     80.03 MB used.

Virtual space:
  Non-class space:      128.00 MB reserved,      69.75 MB ( 54%) committed,  2 nodes.
      Class space:        1.00 GB reserved,      11.12 MB (  1%) committed,  1 nodes.
             Both:        1.12 GB reserved,      80.88 MB (  7%) committed. 

Chunk freelists:
   Non-Class:  10.16 MB
       Class:  4.76 MB
        Both:  14.92 MB

MaxMetaspaceSize: unlimited
CompressedClassSpaceSize: 1.00 GB
Initial GC threshold: 21.00 MB
Current GC threshold: 125.75 MB
CDS: on
 - commit_granule_bytes: 65536.
 - commit_granule_words: 8192.
 - virtual_space_node_default_size: 8388608.
 - enlarge_chunks_in_place: 1.
 - use_allocation_guard: 0.


Internal statistics:

num_allocs_failed_limit: 8.
num_arena_births: 1262.
num_arena_deaths: 0.
num_vsnodes_births: 3.
num_vsnodes_deaths: 0.
num_space_committed: 1294.
num_space_uncommitted: 0.
num_chunks_returned_to_freelist: 8.
num_chunks_taken_from_freelist: 4130.
num_chunk_merges: 8.
num_chunk_splits: 2900.
num_chunks_enlarged: 2218.
num_inconsistent_stats: 0.

CodeHeap 'non-profiled nmethods': size=120000Kb used=5668Kb max_used=5668Kb free=114331Kb
 bounds [0x00000238ba640000, 0x00000238babd0000, 0x00000238c1b70000]
CodeHeap 'profiled nmethods': size=120000Kb used=13965Kb max_used=13965Kb free=106034Kb
 bounds [0x00000238b2b70000, 0x00000238b3920000, 0x00000238ba0a0000]
CodeHeap 'non-nmethods': size=5760Kb used=1770Kb max_used=1844Kb free=3989Kb
 bounds [0x00000238ba0a0000, 0x00000238ba310000, 0x00000238ba640000]
 total_blobs=7754 nmethods=6973 adapters=684
 compilation: enabled
              stopped_count=0, restarted_count=0
 full_count=0

Compilation events (20 events):
Event: 231.015 Thread 0x00000238c6806180 8334       3       java.util.stream.Streams$ConcatSpliterator::tryAdvance (54 bytes)
Event: 231.015 Thread 0x00000238c6806180 nmethod 8334 0x00000238b390be90 code [0x00000238b390c060, 0x00000238b390c470]
Event: 231.015 Thread 0x00000238c6806180 8335       3       java.util.Spliterators::spliteratorUnknownSize (16 bytes)
Event: 231.016 Thread 0x00000238c6806180 nmethod 8335 0x00000238b390c590 code [0x00000238b390c780, 0x00000238b390cca8]
Event: 231.016 Thread 0x00000238c6806180 8336       3       java.util.Spliterators$IteratorSpliterator::<init> (31 bytes)
Event: 231.017 Thread 0x00000238c6806180 nmethod 8336 0x00000238b390ce90 code [0x00000238b390d040, 0x00000238b390d250]
Event: 231.029 Thread 0x00000238c6806180 8337       3       java.lang.invoke.DirectMethodHandle$Holder::invokeVirtual (14 bytes)
Event: 231.030 Thread 0x00000238c6806180 nmethod 8337 0x00000238b390d310 code [0x00000238b390d4e0, 0x00000238b390d9c0]
Event: 231.032 Thread 0x00000238c6806180 8338       3       org.springframework.core.convert.support.GenericConversionService$ConverterCacheKey::equals (51 bytes)
Event: 231.033 Thread 0x00000238c6806180 nmethod 8338 0x00000238b390db10 code [0x00000238b390dce0, 0x00000238b390e270]
Event: 231.034 Thread 0x00000238c6806180 8339   !   3       org.springframework.util.ConcurrentReferenceHashMap$Segment::restructure (411 bytes)
Event: 231.040 Thread 0x00000238c6806180 nmethod 8339 0x00000238b390e410 code [0x00000238b390e880, 0x00000238b3911198]
Event: 231.052 Thread 0x00000238c67e84d0 nmethod 8324% 0x00000238babbaa90 code [0x00000238babbad80, 0x00000238babbc4f8]
Event: 231.052 Thread 0x00000238c67e84d0 8331       4       org.springframework.core.annotation.TypeMappedAnnotations::scan (66 bytes)
Event: 231.093 Thread 0x00000238c6806180 8340   !   3       jdk.proxy2.$Proxy71::annotationType (29 bytes)
Event: 231.093 Thread 0x00000238c6806180 nmethod 8340 0x00000238b3912610 code [0x00000238b39127e0, 0x00000238b3912be0]
Event: 231.111 Thread 0x00000238c6806180 8341       3       com.sun.crypto.provider.GaloisCounterMode$GCMEngine::<init> (132 bytes)
Event: 231.112 Thread 0x00000238c6806180 nmethod 8341 0x00000238b3912d90 code [0x00000238b3912fe0, 0x00000238b39139a0]
Event: 231.132 Thread 0x00000238c6806180 8342       3       org.springframework.core.annotation.AnnotationTypeMapping::addConventionAnnotationValues (113 bytes)
Event: 231.134 Thread 0x00000238c6806180 nmethod 8342 0x00000238b3913c10 code [0x00000238b3913e40, 0x00000238b3914570]

GC Heap History (20 events):
Event: 52.323 GC heap before
{Heap before GC invocations=22 (full 0):
 garbage-first heap   total 51200K, used 42490K [0x0000000081800000, 0x0000000100000000)
  region size 1024K, 17 young (17408K), 3 survivors (3072K)
 Metaspace       used 66472K, committed 67136K, reserved 1114112K
  class space    used 8773K, committed 9088K, reserved 1048576K
}
Event: 52.334 GC heap after
{Heap after GC invocations=23 (full 0):
 garbage-first heap   total 51200K, used 29634K [0x0000000081800000, 0x0000000100000000)
  region size 1024K, 2 young (2048K), 2 survivors (2048K)
 Metaspace       used 66472K, committed 67136K, reserved 1114112K
  class space    used 8773K, committed 9088K, reserved 1048576K
}
Event: 54.741 GC heap before
{Heap before GC invocations=24 (full 0):
 garbage-first heap   total 53248K, used 43970K [0x0000000081800000, 0x0000000100000000)
  region size 1024K, 16 young (16384K), 2 survivors (2048K)
 Metaspace       used 70128K, committed 70912K, reserved 1114112K
  class space    used 9360K, committed 9728K, reserved 1048576K
}
Event: 54.748 GC heap after
{Heap after GC invocations=25 (full 0):
 garbage-first heap   total 53248K, used 30476K [0x0000000081800000, 0x0000000100000000)
  region size 1024K, 2 young (2048K), 2 survivors (2048K)
 Metaspace       used 70128K, committed 70912K, reserved 1114112K
  class space    used 9360K, committed 9728K, reserved 1048576K
}
Event: 55.824 GC heap before
{Heap before GC invocations=25 (full 0):
 garbage-first heap   total 53248K, used 45836K [0x0000000081800000, 0x0000000100000000)
  region size 1024K, 17 young (17408K), 2 survivors (2048K)
 Metaspace       used 71987K, committed 72768K, reserved 1114112K
  class space    used 9528K, committed 9856K, reserved 1048576K
}
Event: 55.838 GC heap after
{Heap after GC invocations=26 (full 0):
 garbage-first heap   total 53248K, used 31742K [0x0000000081800000, 0x0000000100000000)
  region size 1024K, 3 young (3072K), 3 survivors (3072K)
 Metaspace       used 71987K, committed 72768K, reserved 1114112K
  class space    used 9528K, committed 9856K, reserved 1048576K
}
Event: 56.771 GC heap before
{Heap before GC invocations=26 (full 0):
 garbage-first heap   total 53248K, used 45054K [0x0000000081800000, 0x0000000100000000)
  region size 1024K, 16 young (16384K), 3 survivors (3072K)
 Metaspace       used 74019K, committed 74688K, reserved 1114112K
  class space    used 9862K, committed 10176K, reserved 1048576K
}
Event: 56.785 GC heap after
{Heap after GC invocations=27 (full 0):
 garbage-first heap   total 53248K, used 32967K [0x0000000081800000, 0x0000000100000000)
  region size 1024K, 2 young (2048K), 2 survivors (2048K)
 Metaspace       used 74019K, committed 74688K, reserved 1114112K
  class space    used 9862K, committed 10176K, reserved 1048576K
}
Event: 58.805 GC heap before
{Heap before GC invocations=28 (full 0):
 garbage-first heap   total 58368K, used 46279K [0x0000000081800000, 0x0000000100000000)
  region size 1024K, 15 young (15360K), 2 survivors (2048K)
 Metaspace       used 74753K, committed 75520K, reserved 1114112K
  class space    used 9982K, committed 10304K, reserved 1048576K
}
Event: 58.815 GC heap after
{Heap after GC invocations=29 (full 0):
 garbage-first heap   total 58368K, used 34104K [0x0000000081800000, 0x0000000100000000)
  region size 1024K, 2 young (2048K), 2 survivors (2048K)
 Metaspace       used 74753K, committed 75520K, reserved 1114112K
  class space    used 9982K, committed 10304K, reserved 1048576K
}
Event: 61.283 GC heap before
{Heap before GC invocations=29 (full 0):
 garbage-first heap   total 58368K, used 50488K [0x0000000081800000, 0x0000000100000000)
  region size 1024K, 18 young (18432K), 2 survivors (2048K)
 Metaspace       used 75461K, committed 76224K, reserved 1179648K
  class space    used 10077K, committed 10432K, reserved 1048576K
}
Event: 61.297 GC heap after
{Heap after GC invocations=30 (full 0):
 garbage-first heap   total 58368K, used 35278K [0x0000000081800000, 0x0000000100000000)
  region size 1024K, 3 young (3072K), 3 survivors (3072K)
 Metaspace       used 75461K, committed 76224K, reserved 1179648K
  class space    used 10077K, committed 10432K, reserved 1048576K
}
Event: 62.936 GC heap before
{Heap before GC invocations=30 (full 0):
 garbage-first heap   total 58368K, used 50638K [0x0000000081800000, 0x0000000100000000)
  region size 1024K, 18 young (18432K), 3 survivors (3072K)
 Metaspace       used 76485K, committed 77184K, reserved 1179648K
  class space    used 10222K, committed 10560K, reserved 1048576K
}
Event: 62.952 GC heap after
{Heap after GC invocations=31 (full 0):
 garbage-first heap   total 58368K, used 36488K [0x0000000081800000, 0x0000000100000000)
  region size 1024K, 3 young (3072K), 3 survivors (3072K)
 Metaspace       used 76485K, committed 77184K, reserved 1179648K
  class space    used 10222K, committed 10560K, reserved 1048576K
}
Event: 64.307 GC heap before
{Heap before GC invocations=32 (full 0):
 garbage-first heap   total 66560K, used 49800K [0x0000000081800000, 0x0000000100000000)
  region size 1024K, 16 young (16384K), 3 survivors (3072K)
 Metaspace       used 77179K, committed 77952K, reserved 1179648K
  class space    used 10331K, committed 10688K, reserved 1048576K
}
Event: 64.323 GC heap after
{Heap after GC invocations=33 (full 0):
 garbage-first heap   total 66560K, used 37479K [0x0000000081800000, 0x0000000100000000)
  region size 1024K, 1 young (1024K), 1 survivors (1024K)
 Metaspace       used 77179K, committed 77952K, reserved 1179648K
  class space    used 10331K, committed 10688K, reserved 1048576K
}
Event: 65.756 GC heap before
{Heap before GC invocations=33 (full 0):
 garbage-first heap   total 66560K, used 61031K [0x0000000081800000, 0x0000000100000000)
  region size 1024K, 24 young (24576K), 1 survivors (1024K)
 Metaspace       used 78135K, committed 78912K, reserved 1179648K
  class space    used 10464K, committed 10816K, reserved 1048576K
}
Event: 65.784 GC heap after
{Heap after GC invocations=34 (full 0):
 garbage-first heap   total 66560K, used 39253K [0x0000000081800000, 0x0000000100000000)
  region size 1024K, 3 young (3072K), 3 survivors (3072K)
 Metaspace       used 78135K, committed 78912K, reserved 1179648K
  class space    used 10464K, committed 10816K, reserved 1048576K
}
Event: 230.810 GC heap before
{Heap before GC invocations=34 (full 0):
 garbage-first heap   total 66560K, used 58709K [0x0000000081800000, 0x0000000100000000)
  region size 1024K, 22 young (22528K), 3 survivors (3072K)
 Metaspace       used 80558K, committed 81408K, reserved 1179648K
  class space    used 10795K, committed 11200K, reserved 1048576K
}
Event: 230.827 GC heap after
{Heap after GC invocations=35 (full 0):
 garbage-first heap   total 79872K, used 40086K [0x0000000081800000, 0x0000000100000000)
  region size 1024K, 1 young (1024K), 1 survivors (1024K)
 Metaspace       used 80558K, committed 81408K, reserved 1179648K
  class space    used 10795K, committed 11200K, reserved 1048576K
}

Dll operation events (11 events):
Event: 0.012 Loaded shared library C:\Program Files\java\jdk-21\bin\java.dll
Event: 0.129 Loaded shared library C:\Program Files\java\jdk-21\bin\jsvml.dll
Event: 0.731 Loaded shared library C:\Program Files\java\jdk-21\bin\jimage.dll
Event: 0.777 Loaded shared library C:\Program Files\java\jdk-21\bin\net.dll
Event: 0.781 Loaded shared library C:\Program Files\java\jdk-21\bin\nio.dll
Event: 0.793 Loaded shared library C:\Program Files\java\jdk-21\bin\zip.dll
Event: 1.349 Loaded shared library C:\Program Files\java\jdk-21\bin\management.dll
Event: 1.395 Loaded shared library C:\Program Files\java\jdk-21\bin\management_ext.dll
Event: 2.386 Loaded shared library C:\Program Files\java\jdk-21\bin\extnet.dll
Event: 11.251 Loaded shared library C:\Program Files\java\jdk-21\bin\sunmscapi.dll
Event: 43.100 Loaded shared library C:\Program Files\java\jdk-21\bin\verify.dll

Deoptimization events (20 events):
Event: 191.494 Thread 0x000002390d743cc0 Uncommon trap: trap_request=0xffffff45 fr.pc=0x00000238babad2b8 relative=0x00000000000004b8
Event: 191.494 Thread 0x000002390d743cc0 Uncommon trap: reason=unstable_if action=reinterpret pc=0x00000238babad2b8 method=org.springframework.boot.devtools.filewatch.FileSnapshot.equals(Ljava/lang/Object;)Z @ 71 c2
Event: 191.494 Thread 0x000002390d743cc0 DEOPT PACKING pc=0x00000238babad2b8 sp=0x0000008b000fedc0
Event: 191.494 Thread 0x000002390d743cc0 DEOPT UNPACKING pc=0x00000238ba0f46a2 sp=0x0000008b000fed80 mode 2
Event: 231.007 Thread 0x000002390d745d90 Uncommon trap: trap_request=0xffffffc6 fr.pc=0x00000238ba9846e4 relative=0x0000000000002de4
Event: 231.008 Thread 0x000002390d745d90 Uncommon trap: reason=bimorphic_or_optimized_type_check action=maybe_recompile pc=0x00000238ba9846e4 method=org.springframework.beans.factory.support.AbstractBeanFactory.isSingleton(Ljava/lang/String;)Z @ 39 c2
Event: 231.008 Thread 0x000002390d745d90 DEOPT PACKING pc=0x00000238ba9846e4 sp=0x0000008b02bfc400
Event: 231.008 Thread 0x000002390d745d90 DEOPT UNPACKING pc=0x00000238ba0f46a2 sp=0x0000008b02bfc2e0 mode 2
Event: 231.015 Thread 0x000002390d745d90 Uncommon trap: trap_request=0xffffff54 fr.pc=0x00000238ba8e8640 relative=0x0000000000000600
Event: 231.015 Thread 0x000002390d745d90 Uncommon trap: reason=speculate_null_assert action=make_not_entrant pc=0x00000238ba8e8640 method=org.springframework.util.ConcurrentReferenceHashMap$Segment.restructureIfNecessary(Z)V @ 41 c2
Event: 231.015 Thread 0x000002390d745d90 DEOPT PACKING pc=0x00000238ba8e8640 sp=0x0000008b02bfc440
Event: 231.015 Thread 0x000002390d745d90 DEOPT UNPACKING pc=0x00000238ba0f46a2 sp=0x0000008b02bfc230 mode 2
Event: 231.092 Thread 0x000002390d745d90 Uncommon trap: trap_request=0xffffff66 fr.pc=0x00000238ba6c2c80 relative=0x0000000000000b40
Event: 231.092 Thread 0x000002390d745d90 Uncommon trap: reason=speculate_class_check action=maybe_recompile pc=0x00000238ba6c2c80 method=org.springframework.transaction.interceptor.AbstractFallbackTransactionAttributeSource.getTransactionAttribute(Ljava/lang/reflect/Method;Ljava/lang/Class;)Lorg
Event: 231.092 Thread 0x000002390d745d90 DEOPT PACKING pc=0x00000238ba6c2c80 sp=0x0000008b02bfcb20
Event: 231.092 Thread 0x000002390d745d90 DEOPT UNPACKING pc=0x00000238ba0f46a2 sp=0x0000008b02bfcad8 mode 2
Event: 231.094 Thread 0x000002390d745d90 Uncommon trap: trap_request=0xffffffde fr.pc=0x00000238bab27b78 relative=0x0000000000001318
Event: 231.094 Thread 0x000002390d745d90 Uncommon trap: reason=class_check action=maybe_recompile pc=0x00000238bab27b78 method=org.springframework.core.annotation.AnnotatedElementUtils.getAnnotationAttributes(Lorg/springframework/core/annotation/MergedAnnotation;ZZ)Lorg/springframework/core/anno
Event: 231.094 Thread 0x000002390d745d90 DEOPT PACKING pc=0x00000238bab27b78 sp=0x0000008b02bfc9c0
Event: 231.094 Thread 0x000002390d745d90 DEOPT UNPACKING pc=0x00000238ba0f46a2 sp=0x0000008b02bfc838 mode 2

Classes loaded (20 events):
Event: 230.450 Loading class sun/nio/ch/SelectionKeyImpl
Event: 230.451 Loading class java/nio/channels/spi/AbstractSelectionKey
Event: 230.451 Loading class java/nio/channels/SelectionKey
Event: 230.451 Loading class java/nio/channels/SelectionKey done
Event: 230.451 Loading class java/nio/channels/spi/AbstractSelectionKey done
Event: 230.451 Loading class sun/nio/ch/SelectionKeyImpl done
Event: 230.452 Loading class java/lang/invoke/ConstantBootstraps
Event: 230.453 Loading class java/lang/invoke/ConstantBootstraps done
Event: 230.584 Loading class sun/nio/cs/ThreadLocalCoders
Event: 230.584 Loading class sun/nio/cs/ThreadLocalCoders done
Event: 230.584 Loading class sun/nio/cs/ThreadLocalCoders$1
Event: 230.585 Loading class sun/nio/cs/ThreadLocalCoders$Cache
Event: 230.586 Loading class sun/nio/cs/ThreadLocalCoders$Cache done
Event: 230.587 Loading class sun/nio/cs/ThreadLocalCoders$1 done
Event: 230.589 Loading class sun/nio/cs/ThreadLocalCoders$2
Event: 230.590 Loading class sun/nio/cs/ThreadLocalCoders$2 done
Event: 230.786 Loading class java/util/concurrent/ArrayBlockingQueue
Event: 230.787 Loading class java/util/concurrent/ArrayBlockingQueue done
Event: 230.790 Loading class java/util/concurrent/ArrayBlockingQueue$Itr
Event: 230.790 Loading class java/util/concurrent/ArrayBlockingQueue$Itr done

Classes unloaded (0 events):
No events

Classes redefined (0 events):
No events

Internal exceptions (20 events):
Event: 57.498 Thread 0x000002390c261f40 Exception <a 'java/lang/NoSuchMethodError'{0x000000008622ad00}: 'java.lang.Object java.lang.invoke.DirectMethodHandle$Holder.newInvokeSpecial(java.lang.Object, java.lang.Object, java.lang.Object, java.lang.Object, java.lang.Object, java.lang.Object, java.lang.Object, java.lang.Object)'> (0x000000008622ad00) 
thrown [s\open\src\hotspot\share\interpreter\linkResolver.cpp, line 773]
Event: 61.064 Thread 0x000002390c261f40 Exception <a 'java/lang/IncompatibleClassChangeError'{0x0000000084073428}: Found class java.lang.Object, but interface was expected> (0x0000000084073428) 
thrown [s\open\src\hotspot\share\interpreter\linkResolver.cpp, line 840]
Event: 61.176 Thread 0x000002390c261f40 Implicit null exception at 0x00000238ba7ebcc8 to 0x00000238ba7ebd84
Event: 61.561 Thread 0x000002390c261f40 Exception <a 'java/lang/NoSuchMethodError'{0x000000008963da28}: 'void java.lang.invoke.DirectMethodHandle$Holder.invokeVirtual(java.lang.Object, java.lang.Object, long)'> (0x000000008963da28) 
thrown [s\open\src\hotspot\share\interpreter\linkResolver.cpp, line 773]
Event: 62.244 Thread 0x000002390c261f40 Exception <a 'java/lang/NoSuchMethodError'{0x00000000860e2fd0}: 'int java.lang.invoke.DirectMethodHandle$Holder.invokeStaticInit(java.lang.Object, java.lang.Object, java.lang.Object, java.lang.Object)'> (0x00000000860e2fd0) 
thrown [s\open\src\hotspot\share\interpreter\linkResolver.cpp, line 773]
Event: 62.782 Thread 0x000002390c261f40 Exception <a 'java/lang/IncompatibleClassChangeError'{0x00000000844ea0e8}: Found class java.lang.Object, but interface was expected> (0x00000000844ea0e8) 
thrown [s\open\src\hotspot\share\interpreter\linkResolver.cpp, line 840]
Event: 63.034 Thread 0x000002390c261f40 Exception <a 'java/lang/NoSuchMethodError'{0x0000000089782430}: 'java.lang.Object java.lang.invoke.DirectMethodHandle$Holder.newInvokeSpecial(java.lang.Object, java.lang.Object, java.lang.Object, java.lang.Object, java.lang.Object, java.lang.Object, java.lang.Object, java.lang.Object, java.lang.Object)'> (0x0000000089782430) 
thrown [s\open\src\hotspot\share\interpreter\linkResolver.cpp, line 773]
Event: 63.442 Thread 0x000002390c261f40 Exception <a 'java/lang/NoSuchMethodError'{0x00000000863af600}: 'java.lang.Object java.lang.invoke.DirectMethodHandle$Holder.invokeVirtual(java.lang.Object, java.lang.Object, java.lang.Object, java.lang.Object, java.lang.Object, java.lang.Object, java.lang.Object)'> (0x00000000863af600) 
thrown [s\open\src\hotspot\share\interpreter\linkResolver.cpp, line 773]
Event: 65.192 Thread 0x000002390c261f40 Exception <a 'java/lang/NoSuchMethodError'{0x0000000084eaf9d0}: 'double java.lang.invoke.DirectMethodHandle$Holder.invokeStatic(java.lang.Object, java.lang.Object)'> (0x0000000084eaf9d0) 
thrown [s\open\src\hotspot\share\interpreter\linkResolver.cpp, line 773]
Event: 65.373 Thread 0x000002390c261f40 Implicit null exception at 0x00000238ba852868 to 0x00000238ba852a90
Event: 65.756 Thread 0x000002390c261f40 Exception <a 'java/lang/NoSuchMethodError'{0x00000000841fc6b8}: 'java.lang.Object java.lang.invoke.DirectMethodHandle$Holder.invokeVirtual(java.lang.Object, java.lang.Object, java.lang.Object, java.lang.Object, java.lang.Object, java.lang.Object, java.lang.Object, java.lang.Object, java.lang.Object)'> (0x00000000841fc6b8) 
thrown [s\open\src\hotspot\share\interpreter\linkResolver.cpp, line 773]
Event: 65.786 Thread 0x00000238c6af3c50 Implicit null exception at 0x00000238ba87de33 to 0x00000238ba87e0c0
Event: 65.820 Thread 0x00000238c6af3c50 Exception <a 'java/lang/NoSuchMethodError'{0x00000000897168c8}: 'long java.lang.invoke.DirectMethodHandle$Holder.invokeStatic(java.lang.Object, java.lang.Object, java.lang.Object)'> (0x00000000897168c8) 
thrown [s\open\src\hotspot\share\interpreter\linkResolver.cpp, line 773]
Event: 66.023 Thread 0x000002390c261f40 Exception <a 'java/lang/NoSuchMethodError'{0x0000000086231f48}: 'void java.lang.invoke.DirectMethodHandle$Holder.invokeStatic(java.lang.Object, java.lang.Object, double)'> (0x0000000086231f48) 
thrown [s\open\src\hotspot\share\interpreter\linkResolver.cpp, line 773]
Event: 66.070 Thread 0x000002390c261f40 Exception <a 'java/lang/NoSuchMethodError'{0x0000000086280478}: 'double java.lang.invoke.DirectMethodHandle$Holder.invokeStatic(java.lang.Object, java.lang.Object, java.lang.Object)'> (0x0000000086280478) 
thrown [s\open\src\hotspot\share\interpreter\linkResolver.cpp, line 773]
Event: 66.221 Thread 0x000002390c261f40 Exception <a 'java/lang/IncompatibleClassChangeError'{0x0000000086162f10}: Found class java.lang.Object, but interface was expected> (0x0000000086162f10) 
thrown [s\open\src\hotspot\share\interpreter\linkResolver.cpp, line 840]
Event: 66.237 Thread 0x000002390c261f40 Exception <a 'java/lang/NoSuchMethodError'{0x000000008617e7a8}: 'java.lang.Object java.lang.invoke.DirectMethodHandle$Holder.newInvokeSpecial(java.lang.Object, java.lang.Object, int, java.lang.Object, java.lang.Object)'> (0x000000008617e7a8) 
thrown [s\open\src\hotspot\share\interpreter\linkResolver.cpp, line 773]
Event: 66.352 Thread 0x000002390c261f40 Implicit null exception at 0x00000238ba839a89 to 0x00000238ba83a0c4
Event: 230.566 Thread 0x000002390d745d90 Exception <a 'java/lang/NoSuchMethodError'{0x0000000084747e68}: 'java.lang.Object java.lang.invoke.DirectMethodHandle$Holder.invokeSpecial(java.lang.Object, java.lang.Object, java.lang.Object, java.lang.Object, java.lang.Object, long)'> (0x0000000084747e68) 
thrown [s\open\src\hotspot\share\interpreter\linkResolver.cpp, line 773]
Event: 230.567 Thread 0x000002390d745d90 Exception <a 'java/lang/NoSuchMethodError'{0x000000008474b5e0}: 'java.lang.Object java.lang.invoke.Invokers$Holder.linkToTargetMethod(java.lang.Object, java.lang.Object, java.lang.Object, long, java.lang.Object)'> (0x000000008474b5e0) 
thrown [s\open\src\hotspot\share\interpreter\linkResolver.cpp, line 773]

ZGC Phase Switch (0 events):
No events

VM Operations (20 events):
Event: 150.533 Executing VM operation: Cleanup
Event: 150.534 Executing VM operation: Cleanup done
Event: 159.596 Executing VM operation: Cleanup
Event: 159.596 Executing VM operation: Cleanup done
Event: 182.701 Executing VM operation: Cleanup
Event: 182.701 Executing VM operation: Cleanup done
Event: 192.767 Executing VM operation: Cleanup
Event: 192.767 Executing VM operation: Cleanup done
Event: 194.783 Executing VM operation: Cleanup
Event: 194.783 Executing VM operation: Cleanup done
Event: 230.631 Executing VM operation: HandshakeAllThreads (Deoptimize)
Event: 230.631 Executing VM operation: HandshakeAllThreads (Deoptimize) done
Event: 230.632 Executing VM operation: Cleanup
Event: 230.632 Executing VM operation: Cleanup done
Event: 230.810 Executing VM operation: G1CollectForAllocation (G1 Evacuation Pause)
Event: 230.828 Executing VM operation: G1CollectForAllocation (G1 Evacuation Pause) done
Event: 230.954 Executing VM operation: HandshakeAllThreads (Deoptimize)
Event: 230.954 Executing VM operation: HandshakeAllThreads (Deoptimize) done
Event: 230.973 Executing VM operation: HandshakeAllThreads (Deoptimize)
Event: 230.973 Executing VM operation: HandshakeAllThreads (Deoptimize) done

Events (20 events):
Event: 65.711 Thread 0x000002390d744350 Thread added: 0x000002390d744350
Event: 66.265 Thread 0x000002390d7449e0 Thread added: 0x000002390d7449e0
Event: 66.267 Thread 0x000002390d745d90 Thread added: 0x000002390d745d90
Event: 66.267 Thread 0x000002390d742910 Thread added: 0x000002390d742910
Event: 66.268 Thread 0x000002390d745070 Thread added: 0x000002390d745070
Event: 66.268 Thread 0x000002391057c500 Thread added: 0x000002391057c500
Event: 66.268 Thread 0x0000023910579080 Thread added: 0x0000023910579080
Event: 66.269 Thread 0x0000023910579710 Thread added: 0x0000023910579710
Event: 66.269 Thread 0x000002391057aac0 Thread added: 0x000002391057aac0
Event: 66.269 Thread 0x000002391057b150 Thread added: 0x000002391057b150
Event: 66.270 Thread 0x000002391057b7e0 Thread added: 0x000002391057b7e0
Event: 66.301 Thread 0x000002391057be70 Thread added: 0x000002391057be70
Event: 66.304 Thread 0x0000023910579da0 Thread added: 0x0000023910579da0
Event: 66.559 Thread 0x000002390c261f40 Thread exited: 0x000002390c261f40
Event: 66.565 Thread 0x000002390c745d60 Thread exited: 0x000002390c745d60
Event: 66.566 Thread 0x00000238a86590b0 Thread exited: 0x00000238a86590b0
Event: 66.566 Thread 0x000002391057a430 Thread added: 0x000002391057a430
Event: 66.748 Thread 0x000002390df95d30 Thread exited: 0x000002390df95d30
Event: 87.023 Thread 0x000002390c4d8df0 Thread exited: 0x000002390c4d8df0
Event: 124.607 Thread 0x000002390c720bd0 Thread exited: 0x000002390c720bd0


Dynamic libraries:
0x00007ff78b4a0000 - 0x00007ff78b4b0000 	C:\Program Files\java\jdk-21\bin\java.exe
0x00007ffb97690000 - 0x00007ffb97888000 	C:\WINDOWS\SYSTEM32\ntdll.dll
0x00007ffb97140000 - 0x00007ffb971ff000 	C:\WINDOWS\System32\KERNEL32.DLL
0x00007ffb95100000 - 0x00007ffb953da000 	C:\WINDOWS\System32\KERNELBASE.dll
0x00007ffb955f0000 - 0x00007ffb956f0000 	C:\WINDOWS\System32\ucrtbase.dll
0x00007ffb88cb0000 - 0x00007ffb88cc9000 	C:\Program Files\java\jdk-21\bin\jli.dll
0x00007ffb89ce0000 - 0x00007ffb89cfb000 	C:\Program Files\java\jdk-21\bin\VCRUNTIME140.dll
0x00007ffb96ee0000 - 0x00007ffb96f8e000 	C:\WINDOWS\System32\ADVAPI32.dll
0x00007ffb95820000 - 0x00007ffb958be000 	C:\WINDOWS\System32\msvcrt.dll
0x00007ffb96e40000 - 0x00007ffb96edc000 	C:\WINDOWS\System32\sechost.dll
0x00007ffb956f0000 - 0x00007ffb95816000 	C:\WINDOWS\System32\RPCRT4.dll
0x00007ffb973a0000 - 0x00007ffb9753d000 	C:\WINDOWS\System32\USER32.dll
0x00007ffb94e10000 - 0x00007ffb94e32000 	C:\WINDOWS\System32\win32u.dll
0x00007ffb958c0000 - 0x00007ffb958eb000 	C:\WINDOWS\System32\GDI32.dll
0x00007ffb92fe0000 - 0x00007ffb9327a000 	C:\WINDOWS\WinSxS\amd64_microsoft.windows.common-controls_6595b64144ccf1df_6.0.19041.1110_none_60b5254171f9507e\COMCTL32.dll
0x00007ffb94e70000 - 0x00007ffb94f80000 	C:\WINDOWS\System32\gdi32full.dll
0x00007ffb94f80000 - 0x00007ffb9501d000 	C:\WINDOWS\System32\msvcp_win.dll
0x00007ffb8fbd0000 - 0x00007ffb8fbda000 	C:\WINDOWS\SYSTEM32\VERSION.dll
0x00007ffb97620000 - 0x00007ffb97650000 	C:\WINDOWS\System32\IMM32.DLL
0x00007ffb92020000 - 0x00007ffb9202c000 	C:\Program Files\java\jdk-21\bin\vcruntime140_1.dll
0x00007ffb69a10000 - 0x00007ffb69a9e000 	C:\Program Files\java\jdk-21\bin\msvcp140.dll
0x00007ffb51d40000 - 0x00007ffb52a57000 	C:\Program Files\java\jdk-21\bin\server\jvm.dll
0x00007ffb96dd0000 - 0x00007ffb96e3b000 	C:\WINDOWS\System32\WS2_32.dll
0x00007ffb949c0000 - 0x00007ffb94a0b000 	C:\WINDOWS\SYSTEM32\POWRPROF.dll
0x00007ffb8a490000 - 0x00007ffb8a4b7000 	C:\WINDOWS\SYSTEM32\WINMM.dll
0x00007ffb94530000 - 0x00007ffb94542000 	C:\WINDOWS\SYSTEM32\UMPDC.dll
0x00007ffb91e60000 - 0x00007ffb91e72000 	C:\WINDOWS\SYSTEM32\kernel.appcore.dll
0x00007ffb8e610000 - 0x00007ffb8e61a000 	C:\Program Files\java\jdk-21\bin\jimage.dll
0x00007ffb947d0000 - 0x00007ffb949b4000 	C:\WINDOWS\SYSTEM32\DBGHELP.DLL
0x00007ffb94710000 - 0x00007ffb94744000 	C:\WINDOWS\SYSTEM32\dbgcore.DLL
0x00007ffb95020000 - 0x00007ffb950a2000 	C:\WINDOWS\System32\bcryptPrimitives.dll
0x00007ffb8c300000 - 0x00007ffb8c31f000 	C:\Program Files\java\jdk-21\bin\java.dll
0x00007ffb95900000 - 0x00007ffb96044000 	C:\WINDOWS\System32\SHELL32.dll
0x00007ffb92830000 - 0x00007ffb92fc3000 	C:\WINDOWS\SYSTEM32\windows.storage.dll
0x00007ffb96a70000 - 0x00007ffb96dc4000 	C:\WINDOWS\System32\combase.dll
0x00007ffb943a0000 - 0x00007ffb943ce000 	C:\WINDOWS\SYSTEM32\Wldp.dll
0x00007ffb96550000 - 0x00007ffb965fd000 	C:\WINDOWS\System32\SHCORE.dll
0x00007ffb96200000 - 0x00007ffb96255000 	C:\WINDOWS\System32\shlwapi.dll
0x00007ffb94ce0000 - 0x00007ffb94cff000 	C:\WINDOWS\SYSTEM32\profapi.dll
0x00007ffb62480000 - 0x00007ffb62557000 	C:\Program Files\java\jdk-21\bin\jsvml.dll
0x00007ffb8c8f0000 - 0x00007ffb8c900000 	C:\Program Files\java\jdk-21\bin\net.dll
0x00007ffb85a10000 - 0x00007ffb85b1a000 	C:\WINDOWS\SYSTEM32\WINHTTP.dll
0x00007ffb94120000 - 0x00007ffb9418a000 	C:\WINDOWS\system32\mswsock.dll
0x00007ffb89de0000 - 0x00007ffb89df6000 	C:\Program Files\java\jdk-21\bin\nio.dll
0x00007ffb8ab20000 - 0x00007ffb8ab38000 	C:\Program Files\java\jdk-21\bin\zip.dll
0x00007ffb8ab40000 - 0x00007ffb8ab4a000 	C:\Program Files\java\jdk-21\bin\management.dll
0x00007ffb88d00000 - 0x00007ffb88d0b000 	C:\Program Files\java\jdk-21\bin\management_ext.dll
0x00007ffb964e0000 - 0x00007ffb964e8000 	C:\WINDOWS\System32\PSAPI.DLL
0x00007ffb71d30000 - 0x00007ffb71d47000 	C:\WINDOWS\system32\napinsp.dll
0x00007ffb71d10000 - 0x00007ffb71d2b000 	C:\WINDOWS\system32\pnrpnsp.dll
0x00007ffb71cf0000 - 0x00007ffb71d05000 	C:\WINDOWS\system32\wshbth.dll
0x00007ffb8f9f0000 - 0x00007ffb8fa0d000 	C:\WINDOWS\system32\NLAapi.dll
0x00007ffb93e10000 - 0x00007ffb93e4c000 	C:\WINDOWS\SYSTEM32\IPHLPAPI.DLL
0x00007ffb93e50000 - 0x00007ffb93f1b000 	C:\WINDOWS\SYSTEM32\DNSAPI.dll
0x00007ffb958f0000 - 0x00007ffb958f8000 	C:\WINDOWS\System32\NSI.dll
0x00007ffb71cd0000 - 0x00007ffb71ce2000 	C:\WINDOWS\System32\winrnr.dll
0x00007ffb82e20000 - 0x00007ffb82e2a000 	C:\Windows\System32\rasadhlp.dll
0x00007ffb84040000 - 0x00007ffb840c0000 	C:\WINDOWS\System32\fwpuclnt.dll
0x00007ffb94e40000 - 0x00007ffb94e67000 	C:\WINDOWS\System32\bcrypt.dll
0x00007ffb94b30000 - 0x00007ffb94b48000 	C:\WINDOWS\SYSTEM32\CRYPTSP.dll
0x00007ffb93a80000 - 0x00007ffb93ab4000 	C:\WINDOWS\system32\rsaenh.dll
0x00007ffb94c60000 - 0x00007ffb94c8e000 	C:\WINDOWS\SYSTEM32\USERENV.dll
0x00007ffb94310000 - 0x00007ffb9431c000 	C:\WINDOWS\SYSTEM32\CRYPTBASE.dll
0x00007ffb883f0000 - 0x00007ffb883f9000 	C:\Program Files\java\jdk-21\bin\extnet.dll
0x00007ffb88cf0000 - 0x00007ffb88cfe000 	C:\Program Files\java\jdk-21\bin\sunmscapi.dll
0x00007ffb95490000 - 0x00007ffb955e6000 	C:\WINDOWS\System32\CRYPT32.dll
0x00007ffb94410000 - 0x00007ffb94438000 	C:\WINDOWS\SYSTEM32\ncrypt.dll
0x00007ffb943d0000 - 0x00007ffb9440b000 	C:\WINDOWS\SYSTEM32\NTASN1.dll
0x00007ffb89dd0000 - 0x00007ffb89de0000 	C:\Program Files\java\jdk-21\bin\verify.dll
0x00007ffb88ce0000 - 0x00007ffb88ce7000 	C:\WINDOWS\system32\wshunix.dll

dbghelp: loaded successfully - version: 4.0.5 - missing functions: none
symbol engine: initialized successfully - sym options: 0x614 - pdb path: .;C:\Program Files\java\jdk-21\bin;C:\WINDOWS\SYSTEM32;C:\WINDOWS\WinSxS\amd64_microsoft.windows.common-controls_6595b64144ccf1df_6.0.19041.1110_none_60b5254171f9507e;C:\Program Files\java\jdk-21\bin\server

VM Arguments:
jvm_args: -XX:+ShowCodeDetailsInExceptionMessages -Dspring.jmx.enabled=true -Dmanagement.endpoints.jmx.exposure.include=* -Dspring.application.admin.enabled=true -Dspring.boot.project.name=scm2.0 -Djava.rmi.server.hostname=localhost -Dcom.sun.management.jmxremote.port=45556 -Dcom.sun.management.jmxremote.authenticate=false -Dcom.sun.management.jmxremote.ssl=false 
java_command: com.scm.scm20.Application
java_class_path (initial): E:\BackendDevelopment\JavaSpringBoot\Projects\SCM_Project\scm2.0\target\classes;C:\Users\admin\.m2\repository\org\springframework\boot\spring-boot-starter-actuator\3.3.2\spring-boot-starter-actuator-3.3.2.jar;C:\Users\admin\.m2\repository\org\springframework\boot\spring-boot-starter\3.3.2\spring-boot-starter-3.3.2.jar;C:\Users\admin\.m2\repository\org\springframework\boot\spring-boot-starter-logging\3.3.2\spring-boot-starter-logging-3.3.2.jar;C:\Users\admin\.m2\repository\ch\qos\logback\logback-classic\1.5.6\logback-classic-1.5.6.jar;C:\Users\admin\.m2\repository\ch\qos\logback\logback-core\1.5.6\logback-core-1.5.6.jar;C:\Users\admin\.m2\repository\org\apache\logging\log4j\log4j-to-slf4j\2.23.1\log4j-to-slf4j-2.23.1.jar;C:\Users\admin\.m2\repository\org\apache\logging\log4j\log4j-api\2.23.1\log4j-api-2.23.1.jar;C:\Users\admin\.m2\repository\org\slf4j\jul-to-slf4j\2.0.13\jul-to-slf4j-2.0.13.jar;C:\Users\admin\.m2\repository\jakarta\annotation\jakarta.annotation-api\2.1.1\jakarta.annotation-api-2.1.1.jar;C:\Users\admin\.m2\repository\org\yaml\snakeyaml\2.2\snakeyaml-2.2.jar;C:\Users\admin\.m2\repository\org\springframework\boot\spring-boot-actuator-autoconfigure\3.3.2\spring-boot-actuator-autoconfigure-3.3.2.jar;C:\Users\admin\.m2\repository\org\springframework\boot\spring-boot-actuator\3.3.2\spring-boot-actuator-3.3.2.jar;C:\Users\admin\.m2\repository\com\fasterxml\jackson\core\jackson-databind\2.17.2\jackson-databind-2.17.2.jar;C:\Users\admin\.m2\repository\com\fasterxml\jackson\core\jackson-annotations\2.17.2\jackson-annotations-2.17.2.jar;C:\Users\admin\.m2\repository\com\fasterxml\jackson\core\jackson-core\2.17.2\jackson-core-2.17.2.jar;C:\Users\admin\.m2\repository\com\fasterxml\jackson\datatype\jackson-datatype-jsr310\2.17.2\jackson-datatype-jsr310-2.17.2.jar;C:\Users\admin\.m2\repository\io\micrometer\micrometer-observation\1.13.2\micrometer-observation-1.13.2.jar;C:\Users\admin\.m2\repository\io\micrometer\micrometer-commons\1.13.2\micrometer-commons-1.13.2.jar;C:\Users\admin\.m2\repository\io\micrometer\micrometer-jakarta9\1.13.2\micrometer-jakarta9-1.13.2.jar;C:\Users\admin\.m2\repository\io\micrometer\micrometer-core\1.13.2\micrometer-core-1.13.2.jar;C:\Users\admin\.m2\repository\org\hdrhistogram\HdrHistogram\2.2.2\HdrHistogram-2.2.2.jar;C:\Users\admin\.m2\repository\org\latencyutils\LatencyUtils\2.0.3\LatencyUtils-2.0.3.jar;C:\Users\admin\.m2\repository\org\springframework\boot\spring-boot-starter-data-jpa\3.3.2\spring-boot-starter-data-jpa-3.3.2.jar;C:\Users\admin\.m2\repository\org\springframework\boot\spring-boot-starter-aop\3.3.2\spring-boot-starter-aop-3.3.2.jar;C:\Users\admin\.m2\repository\org\springframework\spring-aop\6.1.11\spring-aop-6.1.11.jar;C:\Users\admin\.m2\repository\org\aspectj\aspectjweaver\1.9.22.1\aspectjweaver-1.9.22.1.jar;C:\Users\admin\.m2\repository\org\springframework\boot\spring-boot-starter-jdbc\3.3.2\spring-boot-starter-jdbc-3.3.2.jar;C:\Users\admin\.m2\repository\com\zaxxer\HikariCP\5.1.0\HikariCP-5.1.0.jar;C:\Users\admin\.m2\repository\org\springframework\spring-jdbc\6.1.11\spring-jdbc-6.1.11.jar;C:\Users\admin\.m2\repository\org\hibernate\orm\hibernate-core\6.5.2.Final\hibernate-core-6.5.2.Final.jar;C:\Users\admin\.m2\repository\jakarta\persistence\jakarta.persistence-api\3.1.0\jakarta.persistence-api-3.1.0.jar;C:\Users\admin\.m2\repository\jakarta\transaction\jakarta.transaction-api\2.0.1\jakarta.transaction-api-2.0.1.jar;C:\Users\admin\.m2\repository\org\jboss\logging\jboss-logging\3.5.3.Final\jboss-logging-3.5.3.Final.jar;C:\Users\admin\.m2\repository\org\hibernate\common\hibernate-commons-annotations\6.0.6.Final\hibernate-commons-annotations-6.0.6.Final.jar;C:\Users\admin\.m2\repository\io\smallrye\jandex\3.1.2\jandex-3.1.2.jar;C:\Users\admin\.m2\repository\com\fasterxml\classmate\1.7.0\classmate-1.7.0.jar;C:\Users\admin\.m2\repository\net\bytebuddy\byte-buddy\1.14.18\byte-buddy-1.14.18.jar;C:\Users\admin\.m2\repository\org\glassfish\jaxb\jaxb-runtime\4.0.5\jaxb-runtime-4.0.5.jar;C:\Users\admin\.m2\repository\org\glassfish\jaxb\jaxb-core\4.0.5\jaxb-core-4.0.5.jar;C:\Users\admin\.m2\repository\org\eclipse\angus\angus-activation\2.0.2\angus-activation-2.0.2.jar;C:\Users\admin\.m2\repository\org\glassfish\jaxb\txw2\4.0.5\txw2-4.0.5.jar;C:\Users\admin\.m2\repository\com\sun\istack\istack-commons-runtime\4.1.2\istack-commons-runtime-4.1.2.jar;C:\Users\admin\.m2\repository\jakarta\inject\jakarta.inject-api\2.0.1\jakarta.inject-api-2.0.1.jar;C:\Users\admin\.m2\repository\org\antlr\antlr4-runtime\4.13.0\antlr4-runtime-4.13.0.jar;C:\Users\admin\.m2\repository\org\springframework\data\spring-data-jpa\3.3.2\spring-data-jpa-3.3.2.jar;C:\Users\admin\.m2\repository\org\springframework\data\spring-data-commons\3.3.2\spring-data-commons-3.3.2.jar;C:\Users\admin\.m2\repository\org\springframework\spring-orm\6.1.11\spring-orm-6.1.11.jar;C:\Users\admin\.m2\repository\org\springframework\spring-context\6.1.11\spring-context-6.1.11.jar;C:\Users\admin\.m2\repository\org\springframework\spring-tx\6.1.11\spring-tx-6.1.11.jar;C:\Users\admin\.m2\repository\org\springframework\spring-beans\6.1.11\spring-beans-6.1.11.jar;C:\Users\admin\.m2\repository\org\slf4j\slf4j-api\2.0.13\slf4j-api-2.0.13.jar;C:\Users\admin\.m2\repository\org\springframework\spring-aspects\6.1.11\spring-aspects-6.1.11.jar;C:\Users\admin\.m2\repository\org\springframework\boot\spring-boot-starter-thymeleaf\3.3.2\spring-boot-starter-thymeleaf-3.3.2.jar;C:\Users\admin\.m2\repository\org\thymeleaf\thymeleaf-spring6\3.1.2.RELEASE\thymeleaf-spring6-3.1.2.RELEASE.jar;C:\Users\admin\.m2\repository\org\thymeleaf\thymeleaf\3.1.2.RELEASE\thymeleaf-3.1.2.RELEASE.jar;C:\Users\admin\.m2\repository\org\attoparser\attoparser\2.0.7.RELEASE\attoparser-2.0.7.RELEASE.jar;C:\Users\admin\.m2\repository\org\unbescape\unbescape\1.1.6.RELEASE\unbescape-1.1.6.RELEASE.jar;C:\Users\admin\.m2\repository\org\springframework\boot\spring-boot-starter-validation\3.3.2\spring-boot-starter-validation-3.3.2.jar;C:\Users\admin\.m2\repository\org\apache\tomcat\embed\tomcat-embed-el\10.1.26\tomcat-embed-el-10.1.26.jar;C:\Users\admin\.m2\repository\org\hibernate\validator\hibernate-validator\8.0.1.Final\hibernate-validator-8.0.1.Final.jar;C:\Users\admin\.m2\repository\jakarta\validation\jakarta.validation-api\3.0.2\jakarta.validation-api-3.0.2.jar;C:\Users\admin\.m2\repository\org\springframework\boot\spring-boot-starter-web\3.3.2\spring-boot-starter-web-3.3.2.jar;C:\Users\admin\.m2\repository\org\springframework\boot\spring-boot-starter-json\3.3.2\spring-boot-starter-json-3.3.2.jar;C:\Users\admin\.m2\repository\com\fasterxml\jackson\datatype\jackson-datatype-jdk8\2.17.2\jackson-datatype-jdk8-2.17.2.jar;C:\Users\admin\.m2\repository\com\fasterxml\jackson\module\jackson-module-parameter-names\2.17.2\jackson-module-parameter-names-2.17.2.jar;C:\Users\admin\.m2\repository\org\springframework\boot\spring-boot-starter-tomcat\3.3.2\spring-boot-starter-tomcat-3.3.2.jar;C:\Users\admin\.m2\repository\org\apache\tomcat\embed\tomcat-embed-core\10.1.26\tomcat-embed-core-10.1.26.jar;C:\Users\admin\.m2\repository\org\apache\tomcat\embed\tomcat-embed-websocket\10.1.26\tomcat-embed-websocket-10.1.26.jar;C:\Users\admin\.m2\repository\org\springframework\spring-web\6.1.11\spring-web-6.1.11.jar;C:\Users\admin\.m2\repository\org\springframework\spring-webmvc\6.1.11\spring-webmvc-6.1.11.jar;C:\Users\admin\.m2\repository\org\springframework\spring-expression\6.1.11\spring-expression-6.1.11.jar;C:\Users\admin\.m2\repository\org\springframework\boot\spring-boot-devtools\3.3.2\spring-boot-devtools-3.3.2.jar;C:\Users\admin\.m2\repository\org\springframework\boot\spring-boot\3.3.2\spring-boot-3.3.2.jar;C:\Users\admin\.m2\repository\org\springframework\boot\spring-boot-autoconfigure\3.3.2\spring-boot-autoconfigure-3.3.2.jar;C:\Users\admin\.m2\repository\com\mysql\mysql-connector-j\8.3.0\mysql-connector-j-8.3.0.jar;C:\Users\admin\.m2\repository\org\projectlombok\lombok\1.18.34\lombok-1.18.34.jar;C:\Users\admin\.m2\repository\jakarta\xml\bind\jakarta.xml.bind-api\4.0.2\jakarta.xml.bind-api-4.0.2.jar;C:\Users\admin\.m2\repository\jakarta\activation\jakarta.activation-api\2.1.3\jakarta.activation-api-2.1.3.jar;C:\Users\admin\.m2\repository\org\springframework\spring-core\6.1.11\spring-core-6.1.11.jar;C:\Users\admin\.m2\repository\org\springframework\spring-jcl\6.1.11\spring-jcl-6.1.11.jar
Launcher Type: SUN_STANDARD

[Global flags]
     intx CICompilerCount                          = 3                                         {product} {ergonomic}
     uint ConcGCThreads                            = 1                                         {product} {ergonomic}
     uint G1ConcRefinementThreads                  = 4                                         {product} {ergonomic}
   size_t G1HeapRegionSize                         = 1048576                                   {product} {ergonomic}
    uintx GCDrainStackTargetSize                   = 64                                        {product} {ergonomic}
   size_t InitialHeapSize                          = 134217728                                 {product} {ergonomic}
     bool ManagementServer                         = true                                      {product} {command line}
   size_t MarkStackSize                            = 4194304                                   {product} {ergonomic}
   size_t MaxHeapSize                              = 2122317824                                {product} {ergonomic}
   size_t MaxNewSize                               = 1272971264                                {product} {ergonomic}
   size_t MinHeapDeltaBytes                        = 1048576                                   {product} {ergonomic}
   size_t MinHeapSize                              = 8388608                                   {product} {ergonomic}
    uintx NonNMethodCodeHeapSize                   = 5832780                                {pd product} {ergonomic}
    uintx NonProfiledCodeHeapSize                  = 122912730                              {pd product} {ergonomic}
    uintx ProfiledCodeHeapSize                     = 122912730                              {pd product} {ergonomic}
    uintx ReservedCodeCacheSize                    = 251658240                              {pd product} {ergonomic}
     bool SegmentedCodeCache                       = true                                      {product} {ergonomic}
     bool ShowCodeDetailsInExceptionMessages       = true                                   {manageable} {command line}
   size_t SoftMaxHeapSize                          = 2122317824                             {manageable} {ergonomic}
     bool UseCompressedOops                        = true                           {product lp64_product} {ergonomic}
     bool UseG1GC                                  = true                                      {product} {ergonomic}
     bool UseLargePagesIndividualAllocation        = false                                  {pd product} {ergonomic}

Logging:
Log output configuration:
 #0: stdout all=warning uptime,level,tags foldmultilines=false
 #1: stderr all=off uptime,level,tags foldmultilines=false

Environment Variables:
JAVA_HOME=C:\Program Files\java\jdk-21
PATH=C:\Program Files\nodejs;C:\Program Files\java\jdk-21\bin
USERNAME=Rajkumar Shedage
LANG=en_US.UTF-8
OS=Windows_NT
PROCESSOR_IDENTIFIER=Intel64 Family 6 Model 69 Stepping 1, GenuineIntel
TMP=C:\Users\admin\AppData\Local\Temp
TEMP=C:\Users\admin\AppData\Local\Temp




Periodic native trim disabled

---------------  S Y S T E M  ---------------

OS:
 Windows 10 , 64 bit Build 19041 (10.0.19041.2788)
OS uptime: 26 days 7:18 hours

CPU: total 4 (initial active 4) (2 cores per cpu, 2 threads per core) family 6 model 69 stepping 1 microcode 0x25, cx8, cmov, fxsr, ht, mmx, sse, sse2, sse3, ssse3, sse4.1, sse4.2, popcnt, lzcnt, tsc, tscinvbit, avx, avx2, aes, erms, clmul, bmi1, bmi2, fma, vzeroupper, clflush, rdtscp, f16c
Processor Information for all 4 processors :
  Max Mhz: 2401, Current Mhz: 1400, Mhz Limit: 1680

Memory: 4k page, system-wide physical 8088M (1018M free)
TotalPageFile size 11543M (AvailPageFile size 2216M)
current process WorkingSet (physical memory assigned to process): 276M, peak: 288M
current process commit charge ("private bytes"): 321M, peak: 322M

vm_info: Java HotSpot(TM) 64-Bit Server VM (21.0.2+13-LTS-58) for windows-amd64 JRE (21.0.2+13-LTS-58), built on 2024-01-05T18:32:24Z by "mach5one" with MS VC++ 17.1 (VS2022)

END.
